{"/Users/yacinesinapayen/Documents/Dev_Projects/Gender_reveal_game/client_gender_reveal/src/App.jsx": {"path":"/Users/yacinesinapayen/Documents/Dev_Projects/Gender_reveal_game/client_gender_reveal/src/App.jsx","all":true,"statementMap":{"0":{"start":{"line":1,"column":0},"end":{"line":1,"column":49}},"1":{"start":{"line":2,"column":0},"end":{"line":2,"column":40}},"2":{"start":{"line":3,"column":0},"end":{"line":3,"column":34}},"3":{"start":{"line":4,"column":0},"end":{"line":4,"column":42}},"4":{"start":{"line":5,"column":0},"end":{"line":5,"column":34}},"5":{"start":{"line":6,"column":0},"end":{"line":6,"column":41}},"6":{"start":{"line":7,"column":0},"end":{"line":7,"column":46}},"7":{"start":{"line":8,"column":0},"end":{"line":8,"column":57}},"8":{"start":{"line":9,"column":0},"end":{"line":9,"column":39}},"9":{"start":{"line":10,"column":0},"end":{"line":10,"column":32}},"12":{"start":{"line":13,"column":0},"end":{"line":13,"column":16}},"13":{"start":{"line":14,"column":0},"end":{"line":14,"column":10}},"14":{"start":{"line":15,"column":0},"end":{"line":15,"column":28}},"15":{"start":{"line":16,"column":0},"end":{"line":16,"column":54}},"16":{"start":{"line":17,"column":0},"end":{"line":17,"column":16}},"17":{"start":{"line":18,"column":0},"end":{"line":18,"column":38}},"18":{"start":{"line":19,"column":0},"end":{"line":19,"column":55}},"19":{"start":{"line":20,"column":0},"end":{"line":20,"column":61}},"20":{"start":{"line":21,"column":0},"end":{"line":21,"column":48}},"21":{"start":{"line":22,"column":0},"end":{"line":22,"column":56}},"22":{"start":{"line":23,"column":0},"end":{"line":23,"column":57}},"23":{"start":{"line":24,"column":0},"end":{"line":24,"column":69}},"24":{"start":{"line":25,"column":0},"end":{"line":25,"column":20}},"25":{"start":{"line":26,"column":0},"end":{"line":26,"column":18}},"26":{"start":{"line":27,"column":0},"end":{"line":27,"column":17}},"27":{"start":{"line":28,"column":0},"end":{"line":28,"column":12}},"28":{"start":{"line":29,"column":0},"end":{"line":29,"column":15}},"30":{"start":{"line":31,"column":0},"end":{"line":31,"column":1}},"32":{"start":{"line":33,"column":0},"end":{"line":33,"column":19}}},"s":{"0":0,"1":0,"2":0,"3":0,"4":0,"5":0,"6":0,"7":0,"8":0,"9":0,"12":0,"13":0,"14":0,"15":0,"16":0,"17":0,"18":0,"19":0,"20":0,"21":0,"22":0,"23":0,"24":0,"25":0,"26":0,"27":0,"28":0,"30":0,"32":0},"branchMap":{"0":{"type":"branch","line":1,"loc":{"start":{"line":1,"column":1060},"end":{"line":33,"column":19}},"locations":[{"start":{"line":1,"column":1060},"end":{"line":33,"column":19}}]}},"b":{"0":[0]},"fnMap":{"0":{"name":"(empty-report)","decl":{"start":{"line":1,"column":1060},"end":{"line":33,"column":19}},"loc":{"start":{"line":1,"column":1060},"end":{"line":33,"column":19}},"line":1}},"f":{"0":0}}
,"/Users/yacinesinapayen/Documents/Dev_Projects/Gender_reveal_game/client_gender_reveal/src/main.jsx": {"path":"/Users/yacinesinapayen/Documents/Dev_Projects/Gender_reveal_game/client_gender_reveal/src/main.jsx","all":true,"statementMap":{"0":{"start":{"line":1,"column":0},"end":{"line":1,"column":34}},"1":{"start":{"line":2,"column":0},"end":{"line":2,"column":45}},"2":{"start":{"line":3,"column":0},"end":{"line":3,"column":27}},"3":{"start":{"line":4,"column":0},"end":{"line":4,"column":20}},"4":{"start":{"line":5,"column":0},"end":{"line":5,"column":48}},"5":{"start":{"line":6,"column":0},"end":{"line":6,"column":51}},"6":{"start":{"line":7,"column":0},"end":{"line":7,"column":17}},"7":{"start":{"line":8,"column":0},"end":{"line":8,"column":11}},"8":{"start":{"line":9,"column":0},"end":{"line":9,"column":19}},"9":{"start":{"line":10,"column":0},"end":{"line":10,"column":1}}},"s":{"0":0,"1":0,"2":0,"3":0,"4":0,"5":0,"6":0,"7":0,"8":0,"9":0},"branchMap":{"0":{"type":"branch","line":1,"loc":{"start":{"line":1,"column":282},"end":{"line":10,"column":1}},"locations":[{"start":{"line":1,"column":282},"end":{"line":10,"column":1}}]}},"b":{"0":[0]},"fnMap":{"0":{"name":"(empty-report)","decl":{"start":{"line":1,"column":282},"end":{"line":10,"column":1}},"loc":{"start":{"line":1,"column":282},"end":{"line":10,"column":1}},"line":1}},"f":{"0":0}}
,"/Users/yacinesinapayen/Documents/Dev_Projects/Gender_reveal_game/client_gender_reveal/src/components/Footer.jsx": {"path":"/Users/yacinesinapayen/Documents/Dev_Projects/Gender_reveal_game/client_gender_reveal/src/components/Footer.jsx","all":true,"statementMap":{"0":{"start":{"line":1,"column":0},"end":{"line":1,"column":39}},"2":{"start":{"line":3,"column":0},"end":{"line":3,"column":22}},"3":{"start":{"line":4,"column":0},"end":{"line":4,"column":10}},"4":{"start":{"line":5,"column":0},"end":{"line":5,"column":34}},"5":{"start":{"line":6,"column":0},"end":{"line":6,"column":78}},"6":{"start":{"line":7,"column":0},"end":{"line":7,"column":22}},"7":{"start":{"line":8,"column":0},"end":{"line":8,"column":30}},"8":{"start":{"line":9,"column":0},"end":{"line":9,"column":41}},"9":{"start":{"line":10,"column":0},"end":{"line":10,"column":28}},"10":{"start":{"line":11,"column":0},"end":{"line":11,"column":44}},"11":{"start":{"line":12,"column":0},"end":{"line":12,"column":42}},"12":{"start":{"line":13,"column":0},"end":{"line":13,"column":59}},"13":{"start":{"line":14,"column":0},"end":{"line":14,"column":12}},"14":{"start":{"line":15,"column":0},"end":{"line":15,"column":14}},"15":{"start":{"line":16,"column":0},"end":{"line":16,"column":13}},"17":{"start":{"line":18,"column":0},"end":{"line":18,"column":2}},"19":{"start":{"line":20,"column":0},"end":{"line":20,"column":22}}},"s":{"0":0,"2":0,"3":0,"4":0,"5":0,"6":0,"7":0,"8":0,"9":0,"10":0,"11":0,"12":0,"13":0,"14":0,"15":0,"17":0,"19":0},"branchMap":{"0":{"type":"branch","line":1,"loc":{"start":{"line":1,"column":0},"end":{"line":20,"column":-306}},"locations":[{"start":{"line":1,"column":0},"end":{"line":20,"column":-306}}]}},"b":{"0":[0]},"fnMap":{"0":{"name":"(empty-report)","decl":{"start":{"line":1,"column":0},"end":{"line":20,"column":-306}},"loc":{"start":{"line":1,"column":0},"end":{"line":20,"column":-306}},"line":1}},"f":{"0":0}}
,"/Users/yacinesinapayen/Documents/Dev_Projects/Gender_reveal_game/client_gender_reveal/src/components/Layout.jsx": {"path":"/Users/yacinesinapayen/Documents/Dev_Projects/Gender_reveal_game/client_gender_reveal/src/components/Layout.jsx","all":true,"statementMap":{"0":{"start":{"line":1,"column":0},"end":{"line":1,"column":26}},"1":{"start":{"line":2,"column":0},"end":{"line":2,"column":42}},"2":{"start":{"line":3,"column":0},"end":{"line":3,"column":30}},"3":{"start":{"line":4,"column":0},"end":{"line":4,"column":30}},"5":{"start":{"line":6,"column":0},"end":{"line":6,"column":22}},"6":{"start":{"line":7,"column":0},"end":{"line":7,"column":10}},"7":{"start":{"line":8,"column":0},"end":{"line":8,"column":64}},"8":{"start":{"line":9,"column":0},"end":{"line":9,"column":16}},"9":{"start":{"line":10,"column":0},"end":{"line":10,"column":70}},"10":{"start":{"line":11,"column":0},"end":{"line":11,"column":18}},"11":{"start":{"line":12,"column":0},"end":{"line":12,"column":13}},"12":{"start":{"line":13,"column":0},"end":{"line":13,"column":16}},"13":{"start":{"line":14,"column":0},"end":{"line":14,"column":10}},"15":{"start":{"line":16,"column":0},"end":{"line":16,"column":2}},"17":{"start":{"line":18,"column":0},"end":{"line":18,"column":22}}},"s":{"0":0,"1":0,"2":0,"3":0,"5":0,"6":0,"7":0,"8":0,"9":0,"10":0,"11":0,"12":0,"13":0,"15":0,"17":0},"branchMap":{"0":{"type":"branch","line":1,"loc":{"start":{"line":1,"column":412},"end":{"line":18,"column":22}},"locations":[{"start":{"line":1,"column":412},"end":{"line":18,"column":22}}]}},"b":{"0":[0]},"fnMap":{"0":{"name":"(empty-report)","decl":{"start":{"line":1,"column":412},"end":{"line":18,"column":22}},"loc":{"start":{"line":1,"column":412},"end":{"line":18,"column":22}},"line":1}},"f":{"0":0}}
,"/Users/yacinesinapayen/Documents/Dev_Projects/Gender_reveal_game/client_gender_reveal/src/components/Navbar.jsx": {"path":"/Users/yacinesinapayen/Documents/Dev_Projects/Gender_reveal_game/client_gender_reveal/src/components/Navbar.jsx","all":true,"statementMap":{"0":{"start":{"line":1,"column":0},"end":{"line":1,"column":26}},"1":{"start":{"line":2,"column":0},"end":{"line":2,"column":66}},"2":{"start":{"line":3,"column":0},"end":{"line":3,"column":55}},"3":{"start":{"line":4,"column":0},"end":{"line":4,"column":76}},"4":{"start":{"line":5,"column":0},"end":{"line":5,"column":51}},"5":{"start":{"line":6,"column":0},"end":{"line":6,"column":33}},"7":{"start":{"line":8,"column":0},"end":{"line":8,"column":22}},"8":{"start":{"line":9,"column":0},"end":{"line":9,"column":33}},"9":{"start":{"line":10,"column":0},"end":{"line":10,"column":33}},"10":{"start":{"line":11,"column":0},"end":{"line":11,"column":55}},"11":{"start":{"line":12,"column":0},"end":{"line":12,"column":33}},"13":{"start":{"line":14,"column":0},"end":{"line":14,"column":30}},"14":{"start":{"line":15,"column":0},"end":{"line":15,"column":23}},"15":{"start":{"line":16,"column":0},"end":{"line":16,"column":23}},"16":{"start":{"line":17,"column":0},"end":{"line":17,"column":4}},"18":{"start":{"line":19,"column":0},"end":{"line":19,"column":10}},"19":{"start":{"line":20,"column":0},"end":{"line":20,"column":31}},"20":{"start":{"line":21,"column":0},"end":{"line":21,"column":46}},"21":{"start":{"line":22,"column":0},"end":{"line":22,"column":64}},"22":{"start":{"line":23,"column":0},"end":{"line":23,"column":55}},"23":{"start":{"line":24,"column":0},"end":{"line":24,"column":85}},"24":{"start":{"line":25,"column":0},"end":{"line":25,"column":45}},"26":{"start":{"line":27,"column":0},"end":{"line":27,"column":19}},"28":{"start":{"line":29,"column":0},"end":{"line":29,"column":22}},"29":{"start":{"line":30,"column":0},"end":{"line":30,"column":78}},"31":{"start":{"line":32,"column":0},"end":{"line":32,"column":80}},"32":{"start":{"line":33,"column":0},"end":{"line":33,"column":19}},"33":{"start":{"line":34,"column":0},"end":{"line":34,"column":22}},"34":{"start":{"line":35,"column":0},"end":{"line":35,"column":89}},"36":{"start":{"line":37,"column":0},"end":{"line":37,"column":45}},"37":{"start":{"line":38,"column":0},"end":{"line":38,"column":38}},"38":{"start":{"line":39,"column":0},"end":{"line":39,"column":21}},"39":{"start":{"line":40,"column":0},"end":{"line":40,"column":19}},"40":{"start":{"line":41,"column":0},"end":{"line":41,"column":27}},"41":{"start":{"line":42,"column":0},"end":{"line":42,"column":89}},"43":{"start":{"line":44,"column":0},"end":{"line":44,"column":41}},"44":{"start":{"line":45,"column":0},"end":{"line":45,"column":34}},"45":{"start":{"line":46,"column":0},"end":{"line":46,"column":21}},"46":{"start":{"line":47,"column":0},"end":{"line":47,"column":19}},"47":{"start":{"line":48,"column":0},"end":{"line":48,"column":33}},"48":{"start":{"line":49,"column":0},"end":{"line":49,"column":89}},"50":{"start":{"line":51,"column":0},"end":{"line":51,"column":36}},"51":{"start":{"line":52,"column":0},"end":{"line":52,"column":40}},"52":{"start":{"line":53,"column":0},"end":{"line":53,"column":21}},"53":{"start":{"line":54,"column":0},"end":{"line":54,"column":18}},"54":{"start":{"line":55,"column":0},"end":{"line":55,"column":16}},"56":{"start":{"line":57,"column":0},"end":{"line":57,"column":55}},"57":{"start":{"line":58,"column":0},"end":{"line":58,"column":22}},"58":{"start":{"line":59,"column":0},"end":{"line":59,"column":18}},"59":{"start":{"line":60,"column":0},"end":{"line":60,"column":25}},"60":{"start":{"line":61,"column":0},"end":{"line":61,"column":42}},"62":{"start":{"line":63,"column":0},"end":{"line":63,"column":40}},"63":{"start":{"line":64,"column":0},"end":{"line":64,"column":27}},"64":{"start":{"line":65,"column":0},"end":{"line":65,"column":19}},"66":{"start":{"line":67,"column":0},"end":{"line":67,"column":16}},"67":{"start":{"line":68,"column":0},"end":{"line":68,"column":14}},"68":{"start":{"line":69,"column":0},"end":{"line":69,"column":12}},"69":{"start":{"line":70,"column":0},"end":{"line":70,"column":10}},"71":{"start":{"line":72,"column":0},"end":{"line":72,"column":2}},"73":{"start":{"line":74,"column":0},"end":{"line":74,"column":22}}},"s":{"0":0,"1":0,"2":0,"3":0,"4":0,"5":0,"7":0,"8":0,"9":0,"10":0,"11":0,"13":0,"14":0,"15":0,"16":0,"18":0,"19":0,"20":0,"21":0,"22":0,"23":0,"24":0,"26":0,"28":0,"29":0,"31":0,"32":0,"33":0,"34":0,"36":0,"37":0,"38":0,"39":0,"40":0,"41":0,"43":0,"44":0,"45":0,"46":0,"47":0,"48":0,"50":0,"51":0,"52":0,"53":0,"54":0,"56":0,"57":0,"58":0,"59":0,"60":0,"62":0,"63":0,"64":0,"66":0,"67":0,"68":0,"69":0,"71":0,"73":0},"branchMap":{"0":{"type":"branch","line":1,"loc":{"start":{"line":1,"column":0},"end":{"line":74,"column":-1324}},"locations":[{"start":{"line":1,"column":0},"end":{"line":74,"column":-1324}}]}},"b":{"0":[0]},"fnMap":{"0":{"name":"(empty-report)","decl":{"start":{"line":1,"column":0},"end":{"line":74,"column":-1324}},"loc":{"start":{"line":1,"column":0},"end":{"line":74,"column":-1324}},"line":1}},"f":{"0":0}}
,"/Users/yacinesinapayen/Documents/Dev_Projects/Gender_reveal_game/client_gender_reveal/src/components/ProtectedRoute.jsx": {"path":"/Users/yacinesinapayen/Documents/Dev_Projects/Gender_reveal_game/client_gender_reveal/src/components/ProtectedRoute.jsx","all":true,"statementMap":{"0":{"start":{"line":1,"column":0},"end":{"line":1,"column":26}},"1":{"start":{"line":2,"column":0},"end":{"line":2,"column":52}},"2":{"start":{"line":3,"column":0},"end":{"line":3,"column":42}},"4":{"start":{"line":5,"column":0},"end":{"line":5,"column":30}},"5":{"start":{"line":6,"column":0},"end":{"line":6,"column":77}},"7":{"start":{"line":8,"column":0},"end":{"line":8,"column":25}},"8":{"start":{"line":9,"column":0},"end":{"line":9,"column":36}},"9":{"start":{"line":10,"column":0},"end":{"line":10,"column":3}},"11":{"start":{"line":12,"column":0},"end":{"line":12,"column":20}},"12":{"start":{"line":13,"column":0},"end":{"line":13,"column":2}},"14":{"start":{"line":15,"column":0},"end":{"line":15,"column":30}}},"s":{"0":0,"1":0,"2":0,"4":0,"5":0,"7":0,"8":0,"9":0,"11":0,"12":0,"14":0},"branchMap":{"0":{"type":"branch","line":1,"loc":{"start":{"line":1,"column":357},"end":{"line":15,"column":30}},"locations":[{"start":{"line":1,"column":357},"end":{"line":15,"column":30}}]}},"b":{"0":[0]},"fnMap":{"0":{"name":"(empty-report)","decl":{"start":{"line":1,"column":357},"end":{"line":15,"column":30}},"loc":{"start":{"line":1,"column":357},"end":{"line":15,"column":30}},"line":1}},"f":{"0":0}}
,"/Users/yacinesinapayen/Documents/Dev_Projects/Gender_reveal_game/client_gender_reveal/src/components/modalChronoGame.jsx": {"path":"/Users/yacinesinapayen/Documents/Dev_Projects/Gender_reveal_game/client_gender_reveal/src/components/modalChronoGame.jsx","all":true,"statementMap":{"0":{"start":{"line":1,"column":0},"end":{"line":1,"column":51}},"1":{"start":{"line":2,"column":0},"end":{"line":2,"column":33}},"2":{"start":{"line":3,"column":0},"end":{"line":3,"column":41}},"3":{"start":{"line":4,"column":0},"end":{"line":4,"column":42}},"4":{"start":{"line":5,"column":0},"end":{"line":5,"column":26}},"5":{"start":{"line":6,"column":0},"end":{"line":6,"column":39}},"7":{"start":{"line":8,"column":0},"end":{"line":8,"column":53}},"8":{"start":{"line":9,"column":0},"end":{"line":9,"column":38}},"9":{"start":{"line":10,"column":0},"end":{"line":10,"column":52}},"10":{"start":{"line":11,"column":0},"end":{"line":11,"column":52}},"12":{"start":{"line":13,"column":0},"end":{"line":13,"column":19}},"13":{"start":{"line":14,"column":0},"end":{"line":14,"column":17}},"14":{"start":{"line":15,"column":0},"end":{"line":15,"column":25}},"15":{"start":{"line":16,"column":0},"end":{"line":16,"column":5}},"16":{"start":{"line":17,"column":0},"end":{"line":17,"column":15}},"18":{"start":{"line":19,"column":0},"end":{"line":19,"column":28}},"19":{"start":{"line":20,"column":0},"end":{"line":20,"column":24}},"20":{"start":{"line":21,"column":0},"end":{"line":21,"column":23}},"21":{"start":{"line":22,"column":0},"end":{"line":22,"column":4}},"23":{"start":{"line":24,"column":0},"end":{"line":24,"column":19}},"24":{"start":{"line":25,"column":0},"end":{"line":25,"column":14}},"25":{"start":{"line":26,"column":0},"end":{"line":26,"column":30}},"26":{"start":{"line":27,"column":0},"end":{"line":27,"column":33}},"27":{"start":{"line":28,"column":0},"end":{"line":28,"column":44}},"28":{"start":{"line":29,"column":0},"end":{"line":29,"column":15}},"29":{"start":{"line":30,"column":0},"end":{"line":30,"column":5}},"31":{"start":{"line":32,"column":0},"end":{"line":32,"column":18}},"32":{"start":{"line":33,"column":0},"end":{"line":33,"column":27}},"33":{"start":{"line":34,"column":0},"end":{"line":34,"column":6}},"34":{"start":{"line":35,"column":0},"end":{"line":35,"column":26}},"36":{"start":{"line":37,"column":0},"end":{"line":37,"column":40}},"37":{"start":{"line":38,"column":0},"end":{"line":38,"column":28}},"38":{"start":{"line":39,"column":0},"end":{"line":39,"column":27}},"40":{"start":{"line":41,"column":0},"end":{"line":41,"column":9}},"41":{"start":{"line":42,"column":0},"end":{"line":42,"column":107}},"42":{"start":{"line":43,"column":0},"end":{"line":43,"column":15}},"43":{"start":{"line":44,"column":0},"end":{"line":44,"column":18}},"44":{"start":{"line":45,"column":0},"end":{"line":45,"column":9}},"46":{"start":{"line":47,"column":0},"end":{"line":47,"column":16}},"47":{"start":{"line":48,"column":0},"end":{"line":48,"column":48}},"48":{"start":{"line":49,"column":0},"end":{"line":49,"column":21}},"49":{"start":{"line":50,"column":0},"end":{"line":50,"column":38}},"50":{"start":{"line":51,"column":0},"end":{"line":51,"column":59}},"51":{"start":{"line":52,"column":0},"end":{"line":52,"column":5}},"52":{"start":{"line":53,"column":0},"end":{"line":53,"column":4}},"54":{"start":{"line":55,"column":0},"end":{"line":55,"column":27}},"56":{"start":{"line":57,"column":0},"end":{"line":57,"column":10}},"57":{"start":{"line":58,"column":0},"end":{"line":58,"column":108}},"58":{"start":{"line":59,"column":0},"end":{"line":59,"column":57}},"59":{"start":{"line":60,"column":0},"end":{"line":60,"column":34}},"60":{"start":{"line":61,"column":0},"end":{"line":61,"column":21}},"61":{"start":{"line":62,"column":0},"end":{"line":62,"column":17}},"62":{"start":{"line":63,"column":0},"end":{"line":63,"column":58}},"63":{"start":{"line":64,"column":0},"end":{"line":64,"column":44}},"64":{"start":{"line":65,"column":0},"end":{"line":65,"column":57}},"66":{"start":{"line":67,"column":0},"end":{"line":67,"column":17}},"67":{"start":{"line":68,"column":0},"end":{"line":68,"column":23}},"68":{"start":{"line":69,"column":0},"end":{"line":69,"column":45}},"70":{"start":{"line":71,"column":0},"end":{"line":71,"column":19}},"72":{"start":{"line":73,"column":0},"end":{"line":73,"column":12}},"73":{"start":{"line":74,"column":0},"end":{"line":74,"column":10}},"75":{"start":{"line":76,"column":0},"end":{"line":76,"column":1}},"77":{"start":{"line":78,"column":0},"end":{"line":78,"column":31}}},"s":{"0":0,"1":0,"2":0,"3":0,"4":0,"5":0,"7":0,"8":0,"9":0,"10":0,"12":0,"13":0,"14":0,"15":0,"16":0,"18":0,"19":0,"20":0,"21":0,"23":0,"24":0,"25":0,"26":0,"27":0,"28":0,"29":0,"31":0,"32":0,"33":0,"34":0,"36":0,"37":0,"38":0,"40":0,"41":0,"42":0,"43":0,"44":0,"46":0,"47":0,"48":0,"49":0,"50":0,"51":0,"52":0,"54":0,"56":0,"57":0,"58":0,"59":0,"60":0,"61":0,"62":0,"63":0,"64":0,"66":0,"67":0,"68":0,"70":0,"72":0,"73":0,"75":0,"77":0},"branchMap":{"0":{"type":"branch","line":1,"loc":{"start":{"line":1,"column":0},"end":{"line":78,"column":-667}},"locations":[{"start":{"line":1,"column":0},"end":{"line":78,"column":-667}}]}},"b":{"0":[0]},"fnMap":{"0":{"name":"(empty-report)","decl":{"start":{"line":1,"column":0},"end":{"line":78,"column":-667}},"loc":{"start":{"line":1,"column":0},"end":{"line":78,"column":-667}},"line":1}},"f":{"0":0}}
,"/Users/yacinesinapayen/Documents/Dev_Projects/Gender_reveal_game/client_gender_reveal/src/components/modalGoutGame.jsx": {"path":"/Users/yacinesinapayen/Documents/Dev_Projects/Gender_reveal_game/client_gender_reveal/src/components/modalGoutGame.jsx","all":true,"statementMap":{"0":{"start":{"line":1,"column":0},"end":{"line":1,"column":51}},"1":{"start":{"line":2,"column":0},"end":{"line":2,"column":33}},"2":{"start":{"line":3,"column":0},"end":{"line":3,"column":55}},"4":{"start":{"line":5,"column":0},"end":{"line":5,"column":26}},"6":{"start":{"line":7,"column":0},"end":{"line":7,"column":51}},"7":{"start":{"line":8,"column":0},"end":{"line":8,"column":55}},"8":{"start":{"line":9,"column":0},"end":{"line":9,"column":58}},"9":{"start":{"line":10,"column":0},"end":{"line":10,"column":13}},"10":{"start":{"line":11,"column":0},"end":{"line":11,"column":13}},"11":{"start":{"line":12,"column":0},"end":{"line":12,"column":13}},"12":{"start":{"line":13,"column":0},"end":{"line":13,"column":5}},"14":{"start":{"line":15,"column":0},"end":{"line":15,"column":49}},"15":{"start":{"line":16,"column":0},"end":{"line":16,"column":39}},"16":{"start":{"line":17,"column":0},"end":{"line":17,"column":44}},"17":{"start":{"line":18,"column":0},"end":{"line":18,"column":44}},"18":{"start":{"line":19,"column":0},"end":{"line":19,"column":16}},"19":{"start":{"line":20,"column":0},"end":{"line":20,"column":23}},"20":{"start":{"line":21,"column":0},"end":{"line":21,"column":66}},"21":{"start":{"line":22,"column":0},"end":{"line":22,"column":10}},"22":{"start":{"line":23,"column":0},"end":{"line":23,"column":45}},"23":{"start":{"line":24,"column":0},"end":{"line":24,"column":16}},"24":{"start":{"line":25,"column":0},"end":{"line":25,"column":23}},"25":{"start":{"line":26,"column":0},"end":{"line":26,"column":45}},"26":{"start":{"line":27,"column":0},"end":{"line":27,"column":10}},"27":{"start":{"line":28,"column":0},"end":{"line":28,"column":7}},"28":{"start":{"line":29,"column":0},"end":{"line":29,"column":23}},"29":{"start":{"line":30,"column":0},"end":{"line":30,"column":7}},"30":{"start":{"line":31,"column":0},"end":{"line":31,"column":4}},"32":{"start":{"line":33,"column":0},"end":{"line":33,"column":36}},"33":{"start":{"line":34,"column":0},"end":{"line":34,"column":9}},"34":{"start":{"line":35,"column":0},"end":{"line":35,"column":78}},"35":{"start":{"line":36,"column":0},"end":{"line":36,"column":71}},"36":{"start":{"line":37,"column":0},"end":{"line":37,"column":44}},"37":{"start":{"line":38,"column":0},"end":{"line":38,"column":81}},"38":{"start":{"line":39,"column":0},"end":{"line":39,"column":10}},"40":{"start":{"line":41,"column":0},"end":{"line":41,"column":40}},"41":{"start":{"line":42,"column":0},"end":{"line":42,"column":64}},"42":{"start":{"line":43,"column":0},"end":{"line":43,"column":42}},"43":{"start":{"line":44,"column":0},"end":{"line":44,"column":8}},"44":{"start":{"line":45,"column":0},"end":{"line":45,"column":16}},"45":{"start":{"line":46,"column":0},"end":{"line":46,"column":53}},"46":{"start":{"line":47,"column":0},"end":{"line":47,"column":21}},"47":{"start":{"line":48,"column":0},"end":{"line":48,"column":58}},"48":{"start":{"line":49,"column":0},"end":{"line":49,"column":64}},"49":{"start":{"line":50,"column":0},"end":{"line":50,"column":5}},"50":{"start":{"line":51,"column":0},"end":{"line":51,"column":4}},"52":{"start":{"line":53,"column":0},"end":{"line":53,"column":19}},"53":{"start":{"line":54,"column":0},"end":{"line":54,"column":17}},"54":{"start":{"line":55,"column":0},"end":{"line":55,"column":45}},"55":{"start":{"line":56,"column":0},"end":{"line":56,"column":13}},"56":{"start":{"line":57,"column":0},"end":{"line":57,"column":43}},"57":{"start":{"line":58,"column":0},"end":{"line":58,"column":76}},"58":{"start":{"line":59,"column":0},"end":{"line":59,"column":12}},"59":{"start":{"line":60,"column":0},"end":{"line":60,"column":41}},"60":{"start":{"line":61,"column":0},"end":{"line":61,"column":25}},"61":{"start":{"line":62,"column":0},"end":{"line":62,"column":56}},"62":{"start":{"line":63,"column":0},"end":{"line":63,"column":9}},"63":{"start":{"line":64,"column":0},"end":{"line":64,"column":8}},"64":{"start":{"line":65,"column":0},"end":{"line":65,"column":26}},"65":{"start":{"line":66,"column":0},"end":{"line":66,"column":5}},"66":{"start":{"line":67,"column":0},"end":{"line":67,"column":15}},"68":{"start":{"line":69,"column":0},"end":{"line":69,"column":10}},"69":{"start":{"line":70,"column":0},"end":{"line":70,"column":94}},"70":{"start":{"line":71,"column":0},"end":{"line":71,"column":124}},"71":{"start":{"line":72,"column":0},"end":{"line":72,"column":15}},"72":{"start":{"line":73,"column":0},"end":{"line":73,"column":87}},"73":{"start":{"line":74,"column":0},"end":{"line":74,"column":27}},"74":{"start":{"line":75,"column":0},"end":{"line":75,"column":9}},"76":{"start":{"line":77,"column":0},"end":{"line":77,"column":22}},"77":{"start":{"line":78,"column":0},"end":{"line":78,"column":73}},"78":{"start":{"line":79,"column":0},"end":{"line":79,"column":30}},"79":{"start":{"line":80,"column":0},"end":{"line":80,"column":57}},"80":{"start":{"line":81,"column":0},"end":{"line":81,"column":44}},"81":{"start":{"line":82,"column":0},"end":{"line":82,"column":67}},"82":{"start":{"line":83,"column":0},"end":{"line":83,"column":45}},"83":{"start":{"line":84,"column":0},"end":{"line":84,"column":64}},"84":{"start":{"line":85,"column":0},"end":{"line":85,"column":24}},"85":{"start":{"line":86,"column":0},"end":{"line":86,"column":35}},"86":{"start":{"line":87,"column":0},"end":{"line":87,"column":43}},"87":{"start":{"line":88,"column":0},"end":{"line":88,"column":67}},"88":{"start":{"line":89,"column":0},"end":{"line":89,"column":70}},"89":{"start":{"line":90,"column":0},"end":{"line":90,"column":30}},"90":{"start":{"line":91,"column":0},"end":{"line":91,"column":63}},"91":{"start":{"line":92,"column":0},"end":{"line":92,"column":54}},"93":{"start":{"line":94,"column":0},"end":{"line":94,"column":20}},"94":{"start":{"line":95,"column":0},"end":{"line":95,"column":71}},"95":{"start":{"line":96,"column":0},"end":{"line":96,"column":28}},"96":{"start":{"line":97,"column":0},"end":{"line":97,"column":26}},"97":{"start":{"line":98,"column":0},"end":{"line":98,"column":22}},"98":{"start":{"line":99,"column":0},"end":{"line":99,"column":17}},"99":{"start":{"line":100,"column":0},"end":{"line":100,"column":18}},"100":{"start":{"line":101,"column":0},"end":{"line":101,"column":13}},"101":{"start":{"line":102,"column":0},"end":{"line":102,"column":55}},"103":{"start":{"line":104,"column":0},"end":{"line":104,"column":19}},"104":{"start":{"line":105,"column":0},"end":{"line":105,"column":15}},"105":{"start":{"line":106,"column":0},"end":{"line":106,"column":12}},"106":{"start":{"line":107,"column":0},"end":{"line":107,"column":10}},"108":{"start":{"line":109,"column":0},"end":{"line":109,"column":1}},"110":{"start":{"line":111,"column":0},"end":{"line":111,"column":29}}},"s":{"0":0,"1":0,"2":0,"4":0,"6":0,"7":0,"8":0,"9":0,"10":0,"11":0,"12":0,"14":0,"15":0,"16":0,"17":0,"18":0,"19":0,"20":0,"21":0,"22":0,"23":0,"24":0,"25":0,"26":0,"27":0,"28":0,"29":0,"30":0,"32":0,"33":0,"34":0,"35":0,"36":0,"37":0,"38":0,"40":0,"41":0,"42":0,"43":0,"44":0,"45":0,"46":0,"47":0,"48":0,"49":0,"50":0,"52":0,"53":0,"54":0,"55":0,"56":0,"57":0,"58":0,"59":0,"60":0,"61":0,"62":0,"63":0,"64":0,"65":0,"66":0,"68":0,"69":0,"70":0,"71":0,"72":0,"73":0,"74":0,"76":0,"77":0,"78":0,"79":0,"80":0,"81":0,"82":0,"83":0,"84":0,"85":0,"86":0,"87":0,"88":0,"89":0,"90":0,"91":0,"93":0,"94":0,"95":0,"96":0,"97":0,"98":0,"99":0,"100":0,"101":0,"103":0,"104":0,"105":0,"106":0,"108":0,"110":0},"branchMap":{"0":{"type":"branch","line":1,"loc":{"start":{"line":1,"column":0},"end":{"line":111,"column":-1174}},"locations":[{"start":{"line":1,"column":0},"end":{"line":111,"column":-1174}}]}},"b":{"0":[0]},"fnMap":{"0":{"name":"(empty-report)","decl":{"start":{"line":1,"column":0},"end":{"line":111,"column":-1174}},"loc":{"start":{"line":1,"column":0},"end":{"line":111,"column":-1174}},"line":1}},"f":{"0":0}}
,"/Users/yacinesinapayen/Documents/Dev_Projects/Gender_reveal_game/client_gender_reveal/src/components/modalItemsQuizBaby.jsx": {"path":"/Users/yacinesinapayen/Documents/Dev_Projects/Gender_reveal_game/client_gender_reveal/src/components/modalItemsQuizBaby.jsx","all":true,"statementMap":{"0":{"start":{"line":1,"column":0},"end":{"line":1,"column":51}},"1":{"start":{"line":2,"column":0},"end":{"line":2,"column":26}},"2":{"start":{"line":3,"column":0},"end":{"line":3,"column":33}},"3":{"start":{"line":4,"column":0},"end":{"line":4,"column":39}},"4":{"start":{"line":5,"column":0},"end":{"line":5,"column":39}},"6":{"start":{"line":7,"column":0},"end":{"line":7,"column":59}},"7":{"start":{"line":8,"column":0},"end":{"line":8,"column":41}},"8":{"start":{"line":9,"column":0},"end":{"line":9,"column":21}},"9":{"start":{"line":10,"column":0},"end":{"line":10,"column":51}},"11":{"start":{"line":12,"column":0},"end":{"line":12,"column":19}},"12":{"start":{"line":13,"column":0},"end":{"line":13,"column":17}},"13":{"start":{"line":14,"column":0},"end":{"line":14,"column":38}},"14":{"start":{"line":15,"column":0},"end":{"line":15,"column":13}},"15":{"start":{"line":16,"column":0},"end":{"line":16,"column":43}},"16":{"start":{"line":17,"column":0},"end":{"line":17,"column":82}},"17":{"start":{"line":18,"column":0},"end":{"line":18,"column":12}},"18":{"start":{"line":19,"column":0},"end":{"line":19,"column":34}},"19":{"start":{"line":20,"column":0},"end":{"line":20,"column":25}},"20":{"start":{"line":21,"column":0},"end":{"line":21,"column":56}},"21":{"start":{"line":22,"column":0},"end":{"line":22,"column":9}},"22":{"start":{"line":23,"column":0},"end":{"line":23,"column":8}},"23":{"start":{"line":24,"column":0},"end":{"line":24,"column":19}},"24":{"start":{"line":25,"column":0},"end":{"line":25,"column":5}},"25":{"start":{"line":26,"column":0},"end":{"line":26,"column":15}},"27":{"start":{"line":28,"column":0},"end":{"line":28,"column":50}},"28":{"start":{"line":29,"column":0},"end":{"line":29,"column":36}},"29":{"start":{"line":30,"column":0},"end":{"line":30,"column":20}},"30":{"start":{"line":31,"column":0},"end":{"line":31,"column":24}},"31":{"start":{"line":32,"column":0},"end":{"line":32,"column":8}},"32":{"start":{"line":33,"column":0},"end":{"line":33,"column":4}},"34":{"start":{"line":35,"column":0},"end":{"line":35,"column":36}},"35":{"start":{"line":36,"column":0},"end":{"line":36,"column":44}},"36":{"start":{"line":37,"column":0},"end":{"line":37,"column":24}},"37":{"start":{"line":38,"column":0},"end":{"line":38,"column":52}},"38":{"start":{"line":39,"column":0},"end":{"line":39,"column":8}},"40":{"start":{"line":41,"column":0},"end":{"line":41,"column":18}},"41":{"start":{"line":42,"column":0},"end":{"line":42,"column":23}},"42":{"start":{"line":43,"column":0},"end":{"line":43,"column":27}},"43":{"start":{"line":44,"column":0},"end":{"line":44,"column":6}},"45":{"start":{"line":46,"column":0},"end":{"line":46,"column":9}},"46":{"start":{"line":47,"column":0},"end":{"line":47,"column":23}},"47":{"start":{"line":48,"column":0},"end":{"line":48,"column":70}},"48":{"start":{"line":49,"column":0},"end":{"line":49,"column":12}},"49":{"start":{"line":50,"column":0},"end":{"line":50,"column":8}},"50":{"start":{"line":51,"column":0},"end":{"line":51,"column":16}},"51":{"start":{"line":52,"column":0},"end":{"line":52,"column":53}},"52":{"start":{"line":53,"column":0},"end":{"line":53,"column":21}},"53":{"start":{"line":54,"column":0},"end":{"line":54,"column":58}},"54":{"start":{"line":55,"column":0},"end":{"line":55,"column":18}},"55":{"start":{"line":56,"column":0},"end":{"line":56,"column":69}},"56":{"start":{"line":57,"column":0},"end":{"line":57,"column":8}},"57":{"start":{"line":58,"column":0},"end":{"line":58,"column":5}},"58":{"start":{"line":59,"column":0},"end":{"line":59,"column":4}},"60":{"start":{"line":61,"column":0},"end":{"line":61,"column":27}},"62":{"start":{"line":63,"column":0},"end":{"line":63,"column":10}},"63":{"start":{"line":64,"column":0},"end":{"line":64,"column":94}},"64":{"start":{"line":65,"column":0},"end":{"line":65,"column":124}},"65":{"start":{"line":66,"column":0},"end":{"line":66,"column":15}},"66":{"start":{"line":67,"column":0},"end":{"line":67,"column":87}},"67":{"start":{"line":68,"column":0},"end":{"line":68,"column":27}},"68":{"start":{"line":69,"column":0},"end":{"line":69,"column":9}},"70":{"start":{"line":71,"column":0},"end":{"line":71,"column":17}},"71":{"start":{"line":72,"column":0},"end":{"line":72,"column":64}},"72":{"start":{"line":73,"column":0},"end":{"line":73,"column":30}},"73":{"start":{"line":74,"column":0},"end":{"line":74,"column":40}},"74":{"start":{"line":75,"column":0},"end":{"line":75,"column":46}},"75":{"start":{"line":76,"column":0},"end":{"line":76,"column":77}},"76":{"start":{"line":77,"column":0},"end":{"line":77,"column":25}},"77":{"start":{"line":78,"column":0},"end":{"line":78,"column":39}},"78":{"start":{"line":79,"column":0},"end":{"line":79,"column":50}},"79":{"start":{"line":80,"column":0},"end":{"line":80,"column":32}},"80":{"start":{"line":81,"column":0},"end":{"line":81,"column":49}},"81":{"start":{"line":82,"column":0},"end":{"line":82,"column":46}},"82":{"start":{"line":83,"column":0},"end":{"line":83,"column":63}},"83":{"start":{"line":84,"column":0},"end":{"line":84,"column":16}},"84":{"start":{"line":85,"column":0},"end":{"line":85,"column":20}},"85":{"start":{"line":86,"column":0},"end":{"line":86,"column":29}},"86":{"start":{"line":87,"column":0},"end":{"line":87,"column":59}},"87":{"start":{"line":88,"column":0},"end":{"line":88,"column":41}},"88":{"start":{"line":89,"column":0},"end":{"line":89,"column":78}},"89":{"start":{"line":90,"column":0},"end":{"line":90,"column":16}},"90":{"start":{"line":91,"column":0},"end":{"line":91,"column":18}},"91":{"start":{"line":92,"column":0},"end":{"line":92,"column":13}},"92":{"start":{"line":93,"column":0},"end":{"line":93,"column":57}},"93":{"start":{"line":94,"column":0},"end":{"line":94,"column":56}},"95":{"start":{"line":96,"column":0},"end":{"line":96,"column":19}},"96":{"start":{"line":97,"column":0},"end":{"line":97,"column":15}},"97":{"start":{"line":98,"column":0},"end":{"line":98,"column":12}},"98":{"start":{"line":99,"column":0},"end":{"line":99,"column":10}},"100":{"start":{"line":101,"column":0},"end":{"line":101,"column":2}},"102":{"start":{"line":103,"column":0},"end":{"line":103,"column":34}}},"s":{"0":0,"1":0,"2":0,"3":0,"4":0,"6":0,"7":0,"8":0,"9":0,"11":0,"12":0,"13":0,"14":0,"15":0,"16":0,"17":0,"18":0,"19":0,"20":0,"21":0,"22":0,"23":0,"24":0,"25":0,"27":0,"28":0,"29":0,"30":0,"31":0,"32":0,"34":0,"35":0,"36":0,"37":0,"38":0,"40":0,"41":0,"42":0,"43":0,"45":0,"46":0,"47":0,"48":0,"49":0,"50":0,"51":0,"52":0,"53":0,"54":0,"55":0,"56":0,"57":0,"58":0,"60":0,"62":0,"63":0,"64":0,"65":0,"66":0,"67":0,"68":0,"70":0,"71":0,"72":0,"73":0,"74":0,"75":0,"76":0,"77":0,"78":0,"79":0,"80":0,"81":0,"82":0,"83":0,"84":0,"85":0,"86":0,"87":0,"88":0,"89":0,"90":0,"91":0,"92":0,"93":0,"95":0,"96":0,"97":0,"98":0,"100":0,"102":0},"branchMap":{"0":{"type":"branch","line":1,"loc":{"start":{"line":1,"column":0},"end":{"line":103,"column":-1030}},"locations":[{"start":{"line":1,"column":0},"end":{"line":103,"column":-1030}}]}},"b":{"0":[0]},"fnMap":{"0":{"name":"(empty-report)","decl":{"start":{"line":1,"column":0},"end":{"line":103,"column":-1030}},"loc":{"start":{"line":1,"column":0},"end":{"line":103,"column":-1030}},"line":1}},"f":{"0":0}}
,"/Users/yacinesinapayen/Documents/Dev_Projects/Gender_reveal_game/client_gender_reveal/src/components/ui/Button.jsx": {"path":"/Users/yacinesinapayen/Documents/Dev_Projects/Gender_reveal_game/client_gender_reveal/src/components/ui/Button.jsx","all":true,"statementMap":{"0":{"start":{"line":1,"column":0},"end":{"line":1,"column":26}},"2":{"start":{"line":3,"column":0},"end":{"line":3,"column":90}},"3":{"start":{"line":4,"column":0},"end":{"line":4,"column":27}},"4":{"start":{"line":5,"column":0},"end":{"line":5,"column":49}},"5":{"start":{"line":6,"column":0},"end":{"line":6,"column":86}},"6":{"start":{"line":7,"column":0},"end":{"line":7,"column":4}},"8":{"start":{"line":9,"column":0},"end":{"line":9,"column":10}},"9":{"start":{"line":10,"column":0},"end":{"line":10,"column":11}},"10":{"start":{"line":11,"column":0},"end":{"line":11,"column":19}},"11":{"start":{"line":12,"column":0},"end":{"line":12,"column":128}},"12":{"start":{"line":13,"column":0},"end":{"line":13,"column":23}},"13":{"start":{"line":14,"column":0},"end":{"line":14,"column":16}},"15":{"start":{"line":16,"column":0},"end":{"line":16,"column":16}},"16":{"start":{"line":17,"column":0},"end":{"line":17,"column":13}},"18":{"start":{"line":19,"column":0},"end":{"line":19,"column":2}},"20":{"start":{"line":21,"column":0},"end":{"line":21,"column":22}}},"s":{"0":0,"2":0,"3":0,"4":0,"5":0,"6":0,"8":0,"9":0,"10":0,"11":0,"12":0,"13":0,"15":0,"16":0,"18":0,"20":0},"branchMap":{"0":{"type":"branch","line":1,"loc":{"start":{"line":1,"column":0},"end":{"line":21,"column":-217}},"locations":[{"start":{"line":1,"column":0},"end":{"line":21,"column":-217}}]}},"b":{"0":[0]},"fnMap":{"0":{"name":"(empty-report)","decl":{"start":{"line":1,"column":0},"end":{"line":21,"column":-217}},"loc":{"start":{"line":1,"column":0},"end":{"line":21,"column":-217}},"line":1}},"f":{"0":0}}
,"/Users/yacinesinapayen/Documents/Dev_Projects/Gender_reveal_game/client_gender_reveal/src/components/ui/Input.jsx": {"path":"/Users/yacinesinapayen/Documents/Dev_Projects/Gender_reveal_game/client_gender_reveal/src/components/ui/Input.jsx","all":true,"statementMap":{},"s":{},"branchMap":{"0":{"type":"branch","line":1,"loc":{"start":{"line":1,"column":0},"end":{"line":1,"column":0}},"locations":[{"start":{"line":1,"column":0},"end":{"line":1,"column":0}}]}},"b":{"0":[1]},"fnMap":{"0":{"name":"(empty-report)","decl":{"start":{"line":1,"column":0},"end":{"line":1,"column":0}},"loc":{"start":{"line":1,"column":0},"end":{"line":1,"column":0}},"line":1}},"f":{"0":1}}
,"/Users/yacinesinapayen/Documents/Dev_Projects/Gender_reveal_game/client_gender_reveal/src/pages/Dashboard.jsx": {"path":"/Users/yacinesinapayen/Documents/Dev_Projects/Gender_reveal_game/client_gender_reveal/src/pages/Dashboard.jsx","all":true,"statementMap":{"0":{"start":{"line":1,"column":0},"end":{"line":1,"column":26}},"1":{"start":{"line":2,"column":0},"end":{"line":2,"column":42}},"2":{"start":{"line":3,"column":0},"end":{"line":3,"column":40}},"3":{"start":{"line":4,"column":0},"end":{"line":4,"column":51}},"4":{"start":{"line":5,"column":0},"end":{"line":5,"column":39}},"5":{"start":{"line":6,"column":0},"end":{"line":6,"column":55}},"6":{"start":{"line":7,"column":0},"end":{"line":7,"column":25}},"7":{"start":{"line":8,"column":0},"end":{"line":8,"column":55}},"8":{"start":{"line":9,"column":0},"end":{"line":9,"column":20}},"10":{"start":{"line":11,"column":0},"end":{"line":11,"column":25}},"11":{"start":{"line":12,"column":0},"end":{"line":12,"column":35}},"12":{"start":{"line":13,"column":0},"end":{"line":13,"column":22}},"13":{"start":{"line":14,"column":0},"end":{"line":14,"column":17}},"14":{"start":{"line":15,"column":0},"end":{"line":15,"column":11}},"15":{"start":{"line":16,"column":0},"end":{"line":16,"column":19}},"16":{"start":{"line":17,"column":0},"end":{"line":17,"column":22}},"17":{"start":{"line":18,"column":0},"end":{"line":18,"column":24}},"18":{"start":{"line":19,"column":0},"end":{"line":19,"column":23}},"19":{"start":{"line":20,"column":0},"end":{"line":20,"column":8}},"20":{"start":{"line":21,"column":0},"end":{"line":21,"column":7}},"21":{"start":{"line":22,"column":0},"end":{"line":22,"column":4}},"23":{"start":{"line":24,"column":0},"end":{"line":24,"column":46}},"24":{"start":{"line":25,"column":0},"end":{"line":25,"column":74}},"25":{"start":{"line":26,"column":0},"end":{"line":26,"column":18}},"26":{"start":{"line":27,"column":0},"end":{"line":27,"column":67}},"27":{"start":{"line":28,"column":0},"end":{"line":28,"column":21}},"28":{"start":{"line":29,"column":0},"end":{"line":29,"column":6}},"30":{"start":{"line":31,"column":0},"end":{"line":31,"column":9}},"31":{"start":{"line":32,"column":0},"end":{"line":32,"column":35}},"32":{"start":{"line":33,"column":0},"end":{"line":33,"column":67}},"33":{"start":{"line":34,"column":0},"end":{"line":34,"column":9}},"34":{"start":{"line":35,"column":0},"end":{"line":35,"column":25}},"35":{"start":{"line":36,"column":0},"end":{"line":36,"column":20}},"36":{"start":{"line":37,"column":0},"end":{"line":37,"column":47}},"37":{"start":{"line":38,"column":0},"end":{"line":38,"column":12}},"38":{"start":{"line":39,"column":0},"end":{"line":39,"column":37}},"39":{"start":{"line":40,"column":0},"end":{"line":40,"column":9}},"40":{"start":{"line":41,"column":0},"end":{"line":41,"column":8}},"42":{"start":{"line":43,"column":0},"end":{"line":43,"column":25}},"43":{"start":{"line":44,"column":0},"end":{"line":44,"column":55}},"44":{"start":{"line":45,"column":0},"end":{"line":45,"column":7}},"46":{"start":{"line":47,"column":0},"end":{"line":47,"column":53}},"47":{"start":{"line":48,"column":0},"end":{"line":48,"column":38}},"48":{"start":{"line":49,"column":0},"end":{"line":49,"column":43}},"49":{"start":{"line":50,"column":0},"end":{"line":50,"column":21}},"50":{"start":{"line":51,"column":0},"end":{"line":51,"column":37}},"51":{"start":{"line":52,"column":0},"end":{"line":52,"column":5}},"52":{"start":{"line":53,"column":0},"end":{"line":53,"column":4}},"54":{"start":{"line":55,"column":0},"end":{"line":55,"column":10}},"55":{"start":{"line":56,"column":0},"end":{"line":56,"column":39}},"56":{"start":{"line":57,"column":0},"end":{"line":57,"column":58}},"57":{"start":{"line":58,"column":0},"end":{"line":58,"column":34}},"58":{"start":{"line":59,"column":0},"end":{"line":59,"column":12}},"59":{"start":{"line":60,"column":0},"end":{"line":60,"column":70}},"60":{"start":{"line":61,"column":0},"end":{"line":61,"column":15}},"61":{"start":{"line":62,"column":0},"end":{"line":62,"column":24}},"62":{"start":{"line":63,"column":0},"end":{"line":63,"column":39}},"63":{"start":{"line":64,"column":0},"end":{"line":64,"column":37}},"65":{"start":{"line":66,"column":0},"end":{"line":66,"column":21}},"66":{"start":{"line":67,"column":0},"end":{"line":67,"column":28}},"67":{"start":{"line":68,"column":0},"end":{"line":68,"column":37}},"68":{"start":{"line":69,"column":0},"end":{"line":69,"column":28}},"69":{"start":{"line":70,"column":0},"end":{"line":70,"column":40}},"70":{"start":{"line":71,"column":0},"end":{"line":71,"column":77}},"71":{"start":{"line":72,"column":0},"end":{"line":72,"column":12}},"72":{"start":{"line":73,"column":0},"end":{"line":73,"column":17}},"73":{"start":{"line":74,"column":0},"end":{"line":74,"column":15}},"74":{"start":{"line":75,"column":0},"end":{"line":75,"column":25}},"75":{"start":{"line":76,"column":0},"end":{"line":76,"column":32}},"76":{"start":{"line":77,"column":0},"end":{"line":77,"column":37}},"78":{"start":{"line":79,"column":0},"end":{"line":79,"column":21}},"79":{"start":{"line":80,"column":0},"end":{"line":80,"column":35}},"80":{"start":{"line":81,"column":0},"end":{"line":81,"column":37}},"81":{"start":{"line":82,"column":0},"end":{"line":82,"column":28}},"82":{"start":{"line":83,"column":0},"end":{"line":83,"column":40}},"83":{"start":{"line":84,"column":0},"end":{"line":84,"column":77}},"84":{"start":{"line":85,"column":0},"end":{"line":85,"column":12}},"85":{"start":{"line":86,"column":0},"end":{"line":86,"column":17}},"86":{"start":{"line":87,"column":0},"end":{"line":87,"column":12}},"87":{"start":{"line":88,"column":0},"end":{"line":88,"column":56}},"88":{"start":{"line":89,"column":0},"end":{"line":89,"column":19}},"89":{"start":{"line":90,"column":0},"end":{"line":90,"column":75}},"90":{"start":{"line":91,"column":0},"end":{"line":91,"column":26}},"91":{"start":{"line":92,"column":0},"end":{"line":92,"column":27}},"92":{"start":{"line":93,"column":0},"end":{"line":93,"column":34}},"93":{"start":{"line":94,"column":0},"end":{"line":94,"column":20}},"95":{"start":{"line":96,"column":0},"end":{"line":96,"column":64}},"96":{"start":{"line":97,"column":0},"end":{"line":97,"column":37}},"97":{"start":{"line":98,"column":0},"end":{"line":98,"column":15}},"98":{"start":{"line":99,"column":0},"end":{"line":99,"column":39}},"101":{"start":{"line":102,"column":0},"end":{"line":102,"column":14}},"102":{"start":{"line":103,"column":0},"end":{"line":103,"column":21}},"103":{"start":{"line":104,"column":0},"end":{"line":104,"column":12}},"104":{"start":{"line":105,"column":0},"end":{"line":105,"column":61}},"105":{"start":{"line":106,"column":0},"end":{"line":106,"column":26}},"106":{"start":{"line":107,"column":0},"end":{"line":107,"column":21}},"107":{"start":{"line":108,"column":0},"end":{"line":108,"column":106}},"108":{"start":{"line":109,"column":0},"end":{"line":109,"column":28}},"109":{"start":{"line":110,"column":0},"end":{"line":110,"column":29}},"110":{"start":{"line":111,"column":0},"end":{"line":111,"column":36}},"111":{"start":{"line":112,"column":0},"end":{"line":112,"column":22}},"113":{"start":{"line":114,"column":0},"end":{"line":114,"column":57}},"114":{"start":{"line":115,"column":0},"end":{"line":115,"column":60}},"115":{"start":{"line":116,"column":0},"end":{"line":116,"column":51}},"116":{"start":{"line":117,"column":0},"end":{"line":117,"column":20}},"117":{"start":{"line":118,"column":0},"end":{"line":118,"column":19}},"118":{"start":{"line":119,"column":0},"end":{"line":119,"column":68}},"120":{"start":{"line":121,"column":0},"end":{"line":121,"column":21}},"121":{"start":{"line":122,"column":0},"end":{"line":122,"column":45}},"123":{"start":{"line":124,"column":0},"end":{"line":124,"column":20}},"124":{"start":{"line":125,"column":0},"end":{"line":125,"column":20}},"125":{"start":{"line":126,"column":0},"end":{"line":126,"column":18}},"126":{"start":{"line":127,"column":0},"end":{"line":127,"column":23}},"127":{"start":{"line":128,"column":0},"end":{"line":128,"column":15}},"129":{"start":{"line":130,"column":0},"end":{"line":130,"column":32}},"130":{"start":{"line":131,"column":0},"end":{"line":131,"column":21}},"131":{"start":{"line":132,"column":0},"end":{"line":132,"column":106}},"132":{"start":{"line":133,"column":0},"end":{"line":133,"column":28}},"133":{"start":{"line":134,"column":0},"end":{"line":134,"column":29}},"134":{"start":{"line":135,"column":0},"end":{"line":135,"column":36}},"135":{"start":{"line":136,"column":0},"end":{"line":136,"column":22}},"137":{"start":{"line":138,"column":0},"end":{"line":138,"column":57}},"138":{"start":{"line":139,"column":0},"end":{"line":139,"column":62}},"139":{"start":{"line":140,"column":0},"end":{"line":140,"column":46}},"140":{"start":{"line":141,"column":0},"end":{"line":141,"column":20}},"141":{"start":{"line":142,"column":0},"end":{"line":142,"column":19}},"142":{"start":{"line":143,"column":0},"end":{"line":143,"column":68}},"144":{"start":{"line":145,"column":0},"end":{"line":145,"column":21}},"145":{"start":{"line":146,"column":0},"end":{"line":146,"column":45}},"148":{"start":{"line":149,"column":0},"end":{"line":149,"column":20}},"149":{"start":{"line":150,"column":0},"end":{"line":150,"column":20}},"150":{"start":{"line":151,"column":0},"end":{"line":151,"column":18}},"151":{"start":{"line":152,"column":0},"end":{"line":152,"column":23}},"152":{"start":{"line":153,"column":0},"end":{"line":153,"column":15}},"153":{"start":{"line":154,"column":0},"end":{"line":154,"column":12}},"155":{"start":{"line":156,"column":0},"end":{"line":156,"column":29}},"156":{"start":{"line":157,"column":0},"end":{"line":157,"column":30}},"160":{"start":{"line":161,"column":0},"end":{"line":161,"column":14}},"162":{"start":{"line":163,"column":0},"end":{"line":163,"column":24}},"163":{"start":{"line":164,"column":0},"end":{"line":164,"column":10}},"165":{"start":{"line":166,"column":0},"end":{"line":166,"column":2}},"167":{"start":{"line":168,"column":0},"end":{"line":168,"column":25}}},"s":{"0":0,"1":0,"2":0,"3":0,"4":0,"5":0,"6":0,"7":0,"8":0,"10":0,"11":0,"12":0,"13":0,"14":0,"15":0,"16":0,"17":0,"18":0,"19":0,"20":0,"21":0,"23":0,"24":0,"25":0,"26":0,"27":0,"28":0,"30":0,"31":0,"32":0,"33":0,"34":0,"35":0,"36":0,"37":0,"38":0,"39":0,"40":0,"42":0,"43":0,"44":0,"46":0,"47":0,"48":0,"49":0,"50":0,"51":0,"52":0,"54":0,"55":0,"56":0,"57":0,"58":0,"59":0,"60":0,"61":0,"62":0,"63":0,"65":0,"66":0,"67":0,"68":0,"69":0,"70":0,"71":0,"72":0,"73":0,"74":0,"75":0,"76":0,"78":0,"79":0,"80":0,"81":0,"82":0,"83":0,"84":0,"85":0,"86":0,"87":0,"88":0,"89":0,"90":0,"91":0,"92":0,"93":0,"95":0,"96":0,"97":0,"98":0,"101":0,"102":0,"103":0,"104":0,"105":0,"106":0,"107":0,"108":0,"109":0,"110":0,"111":0,"113":0,"114":0,"115":0,"116":0,"117":0,"118":0,"120":0,"121":0,"123":0,"124":0,"125":0,"126":0,"127":0,"129":0,"130":0,"131":0,"132":0,"133":0,"134":0,"135":0,"137":0,"138":0,"139":0,"140":0,"141":0,"142":0,"144":0,"145":0,"148":0,"149":0,"150":0,"151":0,"152":0,"153":0,"155":0,"156":0,"160":0,"162":0,"163":0,"165":0,"167":0},"branchMap":{"0":{"type":"branch","line":1,"loc":{"start":{"line":1,"column":0},"end":{"line":168,"column":-3512}},"locations":[{"start":{"line":1,"column":0},"end":{"line":168,"column":-3512}}]}},"b":{"0":[0]},"fnMap":{"0":{"name":"(empty-report)","decl":{"start":{"line":1,"column":0},"end":{"line":168,"column":-3512}},"loc":{"start":{"line":1,"column":0},"end":{"line":168,"column":-3512}},"line":1}},"f":{"0":0}}
,"/Users/yacinesinapayen/Documents/Dev_Projects/Gender_reveal_game/client_gender_reveal/src/pages/Games.jsx": {"path":"/Users/yacinesinapayen/Documents/Dev_Projects/Gender_reveal_game/client_gender_reveal/src/pages/Games.jsx","all":true,"statementMap":{"0":{"start":{"line":1,"column":0},"end":{"line":1,"column":40}},"1":{"start":{"line":2,"column":0},"end":{"line":2,"column":42}},"2":{"start":{"line":3,"column":0},"end":{"line":3,"column":45}},"3":{"start":{"line":4,"column":0},"end":{"line":4,"column":60}},"4":{"start":{"line":5,"column":0},"end":{"line":5,"column":66}},"5":{"start":{"line":6,"column":0},"end":{"line":6,"column":56}},"6":{"start":{"line":7,"column":0},"end":{"line":7,"column":39}},"7":{"start":{"line":8,"column":0},"end":{"line":8,"column":48}},"9":{"start":{"line":10,"column":0},"end":{"line":10,"column":21}},"10":{"start":{"line":11,"column":0},"end":{"line":11,"column":55}},"12":{"start":{"line":13,"column":0},"end":{"line":13,"column":17}},"13":{"start":{"line":14,"column":0},"end":{"line":14,"column":5}},"14":{"start":{"line":15,"column":0},"end":{"line":15,"column":12}},"15":{"start":{"line":16,"column":0},"end":{"line":16,"column":29}},"16":{"start":{"line":17,"column":0},"end":{"line":17,"column":18}},"17":{"start":{"line":18,"column":0},"end":{"line":18,"column":173}},"18":{"start":{"line":19,"column":0},"end":{"line":19,"column":6}},"19":{"start":{"line":20,"column":0},"end":{"line":20,"column":5}},"20":{"start":{"line":21,"column":0},"end":{"line":21,"column":12}},"21":{"start":{"line":22,"column":0},"end":{"line":22,"column":49}},"22":{"start":{"line":23,"column":0},"end":{"line":23,"column":73}},"23":{"start":{"line":24,"column":0},"end":{"line":24,"column":6}},"24":{"start":{"line":25,"column":0},"end":{"line":25,"column":139}},"25":{"start":{"line":26,"column":0},"end":{"line":26,"column":4}},"26":{"start":{"line":27,"column":0},"end":{"line":27,"column":56}},"27":{"start":{"line":28,"column":0},"end":{"line":28,"column":66}},"28":{"start":{"line":29,"column":0},"end":{"line":29,"column":64}},"30":{"start":{"line":31,"column":0},"end":{"line":31,"column":39}},"31":{"start":{"line":32,"column":0},"end":{"line":32,"column":23}},"32":{"start":{"line":33,"column":0},"end":{"line":33,"column":27}},"33":{"start":{"line":34,"column":0},"end":{"line":34,"column":30}},"34":{"start":{"line":35,"column":0},"end":{"line":35,"column":32}},"35":{"start":{"line":36,"column":0},"end":{"line":36,"column":30}},"36":{"start":{"line":37,"column":0},"end":{"line":37,"column":31}},"37":{"start":{"line":38,"column":0},"end":{"line":38,"column":5}},"38":{"start":{"line":39,"column":0},"end":{"line":39,"column":4}},"40":{"start":{"line":41,"column":0},"end":{"line":41,"column":10}},"41":{"start":{"line":42,"column":0},"end":{"line":42,"column":39}},"42":{"start":{"line":43,"column":0},"end":{"line":43,"column":56}},"43":{"start":{"line":44,"column":0},"end":{"line":44,"column":20}},"44":{"start":{"line":45,"column":0},"end":{"line":45,"column":30}},"45":{"start":{"line":46,"column":0},"end":{"line":46,"column":45}},"46":{"start":{"line":47,"column":0},"end":{"line":47,"column":28}},"47":{"start":{"line":48,"column":0},"end":{"line":48,"column":44}},"48":{"start":{"line":49,"column":0},"end":{"line":49,"column":42}},"49":{"start":{"line":50,"column":0},"end":{"line":50,"column":59}},"50":{"start":{"line":51,"column":0},"end":{"line":51,"column":10}},"51":{"start":{"line":52,"column":0},"end":{"line":52,"column":12}},"52":{"start":{"line":53,"column":0},"end":{"line":53,"column":61}},"53":{"start":{"line":54,"column":0},"end":{"line":54,"column":37}},"54":{"start":{"line":55,"column":0},"end":{"line":55,"column":21}},"55":{"start":{"line":56,"column":0},"end":{"line":56,"column":25}},"56":{"start":{"line":57,"column":0},"end":{"line":57,"column":106}},"57":{"start":{"line":58,"column":0},"end":{"line":58,"column":44}},"58":{"start":{"line":59,"column":0},"end":{"line":59,"column":42}},"59":{"start":{"line":60,"column":0},"end":{"line":60,"column":79}},"60":{"start":{"line":61,"column":0},"end":{"line":61,"column":26}},"62":{"start":{"line":63,"column":0},"end":{"line":63,"column":64}},"63":{"start":{"line":64,"column":0},"end":{"line":64,"column":26}},"64":{"start":{"line":65,"column":0},"end":{"line":65,"column":17}},"65":{"start":{"line":66,"column":0},"end":{"line":66,"column":63}},"66":{"start":{"line":67,"column":0},"end":{"line":67,"column":61}},"67":{"start":{"line":68,"column":0},"end":{"line":68,"column":42}},"68":{"start":{"line":69,"column":0},"end":{"line":69,"column":21}},"69":{"start":{"line":70,"column":0},"end":{"line":70,"column":23}},"70":{"start":{"line":71,"column":0},"end":{"line":71,"column":11}},"71":{"start":{"line":72,"column":0},"end":{"line":72,"column":12}},"73":{"start":{"line":74,"column":0},"end":{"line":74,"column":23}},"74":{"start":{"line":75,"column":0},"end":{"line":75,"column":27}},"75":{"start":{"line":76,"column":0},"end":{"line":76,"column":30}},"76":{"start":{"line":77,"column":0},"end":{"line":77,"column":47}},"77":{"start":{"line":78,"column":0},"end":{"line":78,"column":21}},"78":{"start":{"line":79,"column":0},"end":{"line":79,"column":10}},"81":{"start":{"line":82,"column":0},"end":{"line":82,"column":28}},"82":{"start":{"line":83,"column":0},"end":{"line":83,"column":24}},"83":{"start":{"line":84,"column":0},"end":{"line":84,"column":35}},"84":{"start":{"line":85,"column":0},"end":{"line":85,"column":52}},"85":{"start":{"line":86,"column":0},"end":{"line":86,"column":21}},"86":{"start":{"line":87,"column":0},"end":{"line":87,"column":10}},"89":{"start":{"line":90,"column":0},"end":{"line":90,"column":27}},"90":{"start":{"line":91,"column":0},"end":{"line":91,"column":22}},"91":{"start":{"line":92,"column":0},"end":{"line":92,"column":34}},"92":{"start":{"line":93,"column":0},"end":{"line":93,"column":51}},"93":{"start":{"line":94,"column":0},"end":{"line":94,"column":21}},"94":{"start":{"line":95,"column":0},"end":{"line":95,"column":10}},"96":{"start":{"line":97,"column":0},"end":{"line":97,"column":24}},"97":{"start":{"line":98,"column":0},"end":{"line":98,"column":10}},"99":{"start":{"line":100,"column":0},"end":{"line":100,"column":2}},"101":{"start":{"line":102,"column":0},"end":{"line":102,"column":21}}},"s":{"0":0,"1":0,"2":0,"3":0,"4":0,"5":0,"6":0,"7":0,"9":0,"10":0,"12":0,"13":0,"14":0,"15":0,"16":0,"17":0,"18":0,"19":0,"20":0,"21":0,"22":0,"23":0,"24":0,"25":0,"26":0,"27":0,"28":0,"30":0,"31":0,"32":0,"33":0,"34":0,"35":0,"36":0,"37":0,"38":0,"40":0,"41":0,"42":0,"43":0,"44":0,"45":0,"46":0,"47":0,"48":0,"49":0,"50":0,"51":0,"52":0,"53":0,"54":0,"55":0,"56":0,"57":0,"58":0,"59":0,"60":0,"62":0,"63":0,"64":0,"65":0,"66":0,"67":0,"68":0,"69":0,"70":0,"71":0,"73":0,"74":0,"75":0,"76":0,"77":0,"78":0,"81":0,"82":0,"83":0,"84":0,"85":0,"86":0,"89":0,"90":0,"91":0,"92":0,"93":0,"94":0,"96":0,"97":0,"99":0,"101":0},"branchMap":{"0":{"type":"branch","line":1,"loc":{"start":{"line":1,"column":0},"end":{"line":102,"column":-1144}},"locations":[{"start":{"line":1,"column":0},"end":{"line":102,"column":-1144}}]}},"b":{"0":[0]},"fnMap":{"0":{"name":"(empty-report)","decl":{"start":{"line":1,"column":0},"end":{"line":102,"column":-1144}},"loc":{"start":{"line":1,"column":0},"end":{"line":102,"column":-1144}},"line":1}},"f":{"0":0}}
,"/Users/yacinesinapayen/Documents/Dev_Projects/Gender_reveal_game/client_gender_reveal/src/pages/Leaderboard.jsx": {"path":"/Users/yacinesinapayen/Documents/Dev_Projects/Gender_reveal_game/client_gender_reveal/src/pages/Leaderboard.jsx","all":true,"statementMap":{"0":{"start":{"line":1,"column":0},"end":{"line":1,"column":51}},"1":{"start":{"line":2,"column":0},"end":{"line":2,"column":39}},"3":{"start":{"line":4,"column":0},"end":{"line":4,"column":24}},"4":{"start":{"line":5,"column":0},"end":{"line":5,"column":43}},"5":{"start":{"line":6,"column":0},"end":{"line":6,"column":49}},"6":{"start":{"line":7,"column":0},"end":{"line":7,"column":59}},"7":{"start":{"line":8,"column":0},"end":{"line":8,"column":59}},"8":{"start":{"line":9,"column":0},"end":{"line":9,"column":71}},"9":{"start":{"line":10,"column":0},"end":{"line":10,"column":36}},"11":{"start":{"line":12,"column":0},"end":{"line":12,"column":19}},"12":{"start":{"line":13,"column":0},"end":{"line":13,"column":48}},"13":{"start":{"line":14,"column":0},"end":{"line":14,"column":11}},"14":{"start":{"line":15,"column":0},"end":{"line":15,"column":100}},"15":{"start":{"line":16,"column":0},"end":{"line":16,"column":27}},"16":{"start":{"line":17,"column":0},"end":{"line":17,"column":57}},"17":{"start":{"line":18,"column":0},"end":{"line":18,"column":9}},"18":{"start":{"line":19,"column":0},"end":{"line":19,"column":43}},"19":{"start":{"line":20,"column":0},"end":{"line":20,"column":38}},"20":{"start":{"line":21,"column":0},"end":{"line":21,"column":23}},"21":{"start":{"line":22,"column":0},"end":{"line":22,"column":71}},"22":{"start":{"line":23,"column":0},"end":{"line":23,"column":7}},"23":{"start":{"line":24,"column":0},"end":{"line":24,"column":5}},"24":{"start":{"line":25,"column":0},"end":{"line":25,"column":32}},"25":{"start":{"line":26,"column":0},"end":{"line":26,"column":9}},"27":{"start":{"line":28,"column":0},"end":{"line":28,"column":19}},"28":{"start":{"line":29,"column":0},"end":{"line":29,"column":34}},"29":{"start":{"line":30,"column":0},"end":{"line":30,"column":11}},"30":{"start":{"line":31,"column":0},"end":{"line":31,"column":107}},"31":{"start":{"line":32,"column":0},"end":{"line":32,"column":27}},"32":{"start":{"line":33,"column":0},"end":{"line":33,"column":57}},"33":{"start":{"line":34,"column":0},"end":{"line":34,"column":9}},"34":{"start":{"line":35,"column":0},"end":{"line":35,"column":43}},"35":{"start":{"line":36,"column":0},"end":{"line":36,"column":24}},"36":{"start":{"line":37,"column":0},"end":{"line":37,"column":23}},"37":{"start":{"line":38,"column":0},"end":{"line":38,"column":55}},"38":{"start":{"line":39,"column":0},"end":{"line":39,"column":7}},"39":{"start":{"line":40,"column":0},"end":{"line":40,"column":5}},"41":{"start":{"line":42,"column":0},"end":{"line":42,"column":18}},"42":{"start":{"line":43,"column":0},"end":{"line":43,"column":9}},"44":{"start":{"line":45,"column":0},"end":{"line":45,"column":19}},"45":{"start":{"line":46,"column":0},"end":{"line":46,"column":34}},"46":{"start":{"line":47,"column":0},"end":{"line":47,"column":11}},"47":{"start":{"line":48,"column":0},"end":{"line":48,"column":101}},"48":{"start":{"line":49,"column":0},"end":{"line":49,"column":27}},"49":{"start":{"line":50,"column":0},"end":{"line":50,"column":57}},"50":{"start":{"line":51,"column":0},"end":{"line":51,"column":9}},"51":{"start":{"line":52,"column":0},"end":{"line":52,"column":43}},"52":{"start":{"line":53,"column":0},"end":{"line":53,"column":32}},"53":{"start":{"line":54,"column":0},"end":{"line":54,"column":23}},"54":{"start":{"line":55,"column":0},"end":{"line":55,"column":55}},"55":{"start":{"line":56,"column":0},"end":{"line":56,"column":7}},"56":{"start":{"line":57,"column":0},"end":{"line":57,"column":5}},"58":{"start":{"line":59,"column":0},"end":{"line":59,"column":18}},"59":{"start":{"line":60,"column":0},"end":{"line":60,"column":9}},"61":{"start":{"line":62,"column":0},"end":{"line":62,"column":19}},"62":{"start":{"line":63,"column":0},"end":{"line":63,"column":37}},"63":{"start":{"line":64,"column":0},"end":{"line":64,"column":11}},"64":{"start":{"line":65,"column":0},"end":{"line":65,"column":105}},"65":{"start":{"line":66,"column":0},"end":{"line":66,"column":27}},"66":{"start":{"line":67,"column":0},"end":{"line":67,"column":57}},"67":{"start":{"line":68,"column":0},"end":{"line":68,"column":9}},"68":{"start":{"line":69,"column":0},"end":{"line":69,"column":43}},"69":{"start":{"line":70,"column":0},"end":{"line":70,"column":27}},"70":{"start":{"line":71,"column":0},"end":{"line":71,"column":23}},"71":{"start":{"line":72,"column":0},"end":{"line":72,"column":59}},"72":{"start":{"line":73,"column":0},"end":{"line":73,"column":7}},"73":{"start":{"line":74,"column":0},"end":{"line":74,"column":5}},"75":{"start":{"line":76,"column":0},"end":{"line":76,"column":21}},"76":{"start":{"line":77,"column":0},"end":{"line":77,"column":9}},"78":{"start":{"line":79,"column":0},"end":{"line":79,"column":19}},"80":{"start":{"line":81,"column":0},"end":{"line":81,"column":89}},"81":{"start":{"line":82,"column":0},"end":{"line":82,"column":77}},"82":{"start":{"line":83,"column":0},"end":{"line":83,"column":25}},"83":{"start":{"line":84,"column":0},"end":{"line":84,"column":41}},"84":{"start":{"line":85,"column":0},"end":{"line":85,"column":14}},"85":{"start":{"line":86,"column":0},"end":{"line":86,"column":65}},"86":{"start":{"line":87,"column":0},"end":{"line":87,"column":7}},"87":{"start":{"line":88,"column":0},"end":{"line":88,"column":17}},"88":{"start":{"line":89,"column":0},"end":{"line":89,"column":11}},"90":{"start":{"line":91,"column":0},"end":{"line":91,"column":32}},"91":{"start":{"line":92,"column":0},"end":{"line":92,"column":42}},"93":{"start":{"line":94,"column":0},"end":{"line":94,"column":25}},"94":{"start":{"line":95,"column":0},"end":{"line":95,"column":35}},"95":{"start":{"line":96,"column":0},"end":{"line":96,"column":22}},"96":{"start":{"line":97,"column":0},"end":{"line":97,"column":18}},"97":{"start":{"line":98,"column":0},"end":{"line":98,"column":11}},"98":{"start":{"line":99,"column":0},"end":{"line":99,"column":20}},"99":{"start":{"line":100,"column":0},"end":{"line":100,"column":23}},"100":{"start":{"line":101,"column":0},"end":{"line":101,"column":24}},"101":{"start":{"line":102,"column":0},"end":{"line":102,"column":22}},"102":{"start":{"line":103,"column":0},"end":{"line":103,"column":7}},"103":{"start":{"line":104,"column":0},"end":{"line":104,"column":6}},"104":{"start":{"line":105,"column":0},"end":{"line":105,"column":4}},"107":{"start":{"line":108,"column":0},"end":{"line":108,"column":45}},"110":{"start":{"line":111,"column":0},"end":{"line":111,"column":37}},"111":{"start":{"line":112,"column":0},"end":{"line":112,"column":4}},"113":{"start":{"line":114,"column":0},"end":{"line":114,"column":10}},"114":{"start":{"line":115,"column":0},"end":{"line":115,"column":25}},"115":{"start":{"line":116,"column":0},"end":{"line":116,"column":72}},"117":{"start":{"line":118,"column":0},"end":{"line":118,"column":17}},"118":{"start":{"line":119,"column":0},"end":{"line":119,"column":24}},"119":{"start":{"line":120,"column":0},"end":{"line":120,"column":25}},"120":{"start":{"line":121,"column":0},"end":{"line":121,"column":32}},"121":{"start":{"line":122,"column":0},"end":{"line":122,"column":18}},"123":{"start":{"line":124,"column":0},"end":{"line":124,"column":58}},"124":{"start":{"line":125,"column":0},"end":{"line":125,"column":85}},"125":{"start":{"line":126,"column":0},"end":{"line":126,"column":17}},"126":{"start":{"line":127,"column":0},"end":{"line":127,"column":16}},"127":{"start":{"line":128,"column":0},"end":{"line":128,"column":64}},"128":{"start":{"line":129,"column":0},"end":{"line":129,"column":71}},"129":{"start":{"line":130,"column":0},"end":{"line":130,"column":59}},"130":{"start":{"line":131,"column":0},"end":{"line":131,"column":17}},"131":{"start":{"line":132,"column":0},"end":{"line":132,"column":18}},"132":{"start":{"line":133,"column":0},"end":{"line":133,"column":17}},"133":{"start":{"line":134,"column":0},"end":{"line":134,"column":43}},"134":{"start":{"line":135,"column":0},"end":{"line":135,"column":60}},"135":{"start":{"line":136,"column":0},"end":{"line":136,"column":67}},"136":{"start":{"line":137,"column":0},"end":{"line":137,"column":72}},"137":{"start":{"line":138,"column":0},"end":{"line":138,"column":69}},"138":{"start":{"line":139,"column":0},"end":{"line":139,"column":19}},"139":{"start":{"line":140,"column":0},"end":{"line":140,"column":15}},"140":{"start":{"line":141,"column":0},"end":{"line":141,"column":18}},"141":{"start":{"line":142,"column":0},"end":{"line":142,"column":16}},"142":{"start":{"line":143,"column":0},"end":{"line":143,"column":19}},"144":{"start":{"line":145,"column":0},"end":{"line":145,"column":17}},"145":{"start":{"line":146,"column":0},"end":{"line":146,"column":24}},"146":{"start":{"line":147,"column":0},"end":{"line":147,"column":25}},"147":{"start":{"line":148,"column":0},"end":{"line":148,"column":32}},"148":{"start":{"line":149,"column":0},"end":{"line":149,"column":18}},"150":{"start":{"line":151,"column":0},"end":{"line":151,"column":72}},"151":{"start":{"line":152,"column":0},"end":{"line":152,"column":85}},"152":{"start":{"line":153,"column":0},"end":{"line":153,"column":17}},"153":{"start":{"line":154,"column":0},"end":{"line":154,"column":16}},"154":{"start":{"line":155,"column":0},"end":{"line":155,"column":64}},"155":{"start":{"line":156,"column":0},"end":{"line":156,"column":71}},"156":{"start":{"line":157,"column":0},"end":{"line":157,"column":59}},"157":{"start":{"line":158,"column":0},"end":{"line":158,"column":17}},"158":{"start":{"line":159,"column":0},"end":{"line":159,"column":18}},"159":{"start":{"line":160,"column":0},"end":{"line":160,"column":17}},"160":{"start":{"line":161,"column":0},"end":{"line":161,"column":50}},"161":{"start":{"line":162,"column":0},"end":{"line":162,"column":60}},"162":{"start":{"line":163,"column":0},"end":{"line":163,"column":67}},"163":{"start":{"line":164,"column":0},"end":{"line":164,"column":76}},"164":{"start":{"line":165,"column":0},"end":{"line":165,"column":73}},"165":{"start":{"line":166,"column":0},"end":{"line":166,"column":19}},"166":{"start":{"line":167,"column":0},"end":{"line":167,"column":15}},"167":{"start":{"line":168,"column":0},"end":{"line":168,"column":18}},"168":{"start":{"line":169,"column":0},"end":{"line":169,"column":16}},"169":{"start":{"line":170,"column":0},"end":{"line":170,"column":19}},"171":{"start":{"line":172,"column":0},"end":{"line":172,"column":17}},"172":{"start":{"line":173,"column":0},"end":{"line":173,"column":24}},"173":{"start":{"line":174,"column":0},"end":{"line":174,"column":25}},"174":{"start":{"line":175,"column":0},"end":{"line":175,"column":32}},"175":{"start":{"line":176,"column":0},"end":{"line":176,"column":18}},"177":{"start":{"line":178,"column":0},"end":{"line":178,"column":68}},"178":{"start":{"line":179,"column":0},"end":{"line":179,"column":85}},"179":{"start":{"line":180,"column":0},"end":{"line":180,"column":17}},"180":{"start":{"line":181,"column":0},"end":{"line":181,"column":16}},"181":{"start":{"line":182,"column":0},"end":{"line":182,"column":64}},"182":{"start":{"line":183,"column":0},"end":{"line":183,"column":71}},"183":{"start":{"line":184,"column":0},"end":{"line":184,"column":59}},"184":{"start":{"line":185,"column":0},"end":{"line":185,"column":17}},"185":{"start":{"line":186,"column":0},"end":{"line":186,"column":18}},"186":{"start":{"line":187,"column":0},"end":{"line":187,"column":17}},"187":{"start":{"line":188,"column":0},"end":{"line":188,"column":60}},"188":{"start":{"line":189,"column":0},"end":{"line":189,"column":60}},"189":{"start":{"line":190,"column":0},"end":{"line":190,"column":67}},"190":{"start":{"line":191,"column":0},"end":{"line":191,"column":81}},"191":{"start":{"line":192,"column":0},"end":{"line":192,"column":78}},"192":{"start":{"line":193,"column":0},"end":{"line":193,"column":19}},"193":{"start":{"line":194,"column":0},"end":{"line":194,"column":15}},"194":{"start":{"line":195,"column":0},"end":{"line":195,"column":18}},"195":{"start":{"line":196,"column":0},"end":{"line":196,"column":16}},"196":{"start":{"line":197,"column":0},"end":{"line":197,"column":19}},"198":{"start":{"line":199,"column":0},"end":{"line":199,"column":15}},"199":{"start":{"line":200,"column":0},"end":{"line":200,"column":24}},"200":{"start":{"line":201,"column":0},"end":{"line":201,"column":25}},"201":{"start":{"line":202,"column":0},"end":{"line":202,"column":32}},"202":{"start":{"line":203,"column":0},"end":{"line":203,"column":18}},"204":{"start":{"line":205,"column":0},"end":{"line":205,"column":77}},"205":{"start":{"line":206,"column":0},"end":{"line":206,"column":83}},"206":{"start":{"line":207,"column":0},"end":{"line":207,"column":15}},"207":{"start":{"line":208,"column":0},"end":{"line":208,"column":14}},"208":{"start":{"line":209,"column":0},"end":{"line":209,"column":62}},"209":{"start":{"line":210,"column":0},"end":{"line":210,"column":69}},"210":{"start":{"line":211,"column":0},"end":{"line":211,"column":63}},"211":{"start":{"line":212,"column":0},"end":{"line":212,"column":15}},"212":{"start":{"line":213,"column":0},"end":{"line":213,"column":16}},"213":{"start":{"line":214,"column":0},"end":{"line":214,"column":15}},"214":{"start":{"line":215,"column":0},"end":{"line":215,"column":48}},"215":{"start":{"line":216,"column":0},"end":{"line":216,"column":58}},"216":{"start":{"line":217,"column":0},"end":{"line":217,"column":65}},"217":{"start":{"line":218,"column":0},"end":{"line":218,"column":69}},"218":{"start":{"line":219,"column":0},"end":{"line":219,"column":66}},"219":{"start":{"line":220,"column":0},"end":{"line":220,"column":17}},"220":{"start":{"line":221,"column":0},"end":{"line":221,"column":13}},"221":{"start":{"line":222,"column":0},"end":{"line":222,"column":16}},"222":{"start":{"line":223,"column":0},"end":{"line":223,"column":14}},"223":{"start":{"line":224,"column":0},"end":{"line":224,"column":17}},"225":{"start":{"line":226,"column":0},"end":{"line":226,"column":15}},"226":{"start":{"line":227,"column":0},"end":{"line":227,"column":24}},"227":{"start":{"line":228,"column":0},"end":{"line":228,"column":25}},"228":{"start":{"line":229,"column":0},"end":{"line":229,"column":32}},"229":{"start":{"line":230,"column":0},"end":{"line":230,"column":18}},"231":{"start":{"line":232,"column":0},"end":{"line":232,"column":83}},"232":{"start":{"line":233,"column":0},"end":{"line":233,"column":85}},"233":{"start":{"line":234,"column":0},"end":{"line":234,"column":17}},"234":{"start":{"line":235,"column":0},"end":{"line":235,"column":16}},"235":{"start":{"line":236,"column":0},"end":{"line":236,"column":71}},"236":{"start":{"line":237,"column":0},"end":{"line":237,"column":59}},"237":{"start":{"line":238,"column":0},"end":{"line":238,"column":17}},"238":{"start":{"line":239,"column":0},"end":{"line":239,"column":18}},"239":{"start":{"line":240,"column":0},"end":{"line":240,"column":17}},"240":{"start":{"line":241,"column":0},"end":{"line":241,"column":60}},"241":{"start":{"line":242,"column":0},"end":{"line":242,"column":60}},"242":{"start":{"line":243,"column":0},"end":{"line":243,"column":75}},"243":{"start":{"line":244,"column":0},"end":{"line":244,"column":51}},"244":{"start":{"line":245,"column":0},"end":{"line":245,"column":38}},"245":{"start":{"line":246,"column":0},"end":{"line":246,"column":27}},"247":{"start":{"line":248,"column":0},"end":{"line":248,"column":28}},"249":{"start":{"line":250,"column":0},"end":{"line":250,"column":21}},"250":{"start":{"line":251,"column":0},"end":{"line":251,"column":19}},"251":{"start":{"line":252,"column":0},"end":{"line":252,"column":15}},"252":{"start":{"line":253,"column":0},"end":{"line":253,"column":18}},"253":{"start":{"line":254,"column":0},"end":{"line":254,"column":16}},"254":{"start":{"line":255,"column":0},"end":{"line":255,"column":19}},"255":{"start":{"line":256,"column":0},"end":{"line":256,"column":10}},"257":{"start":{"line":258,"column":0},"end":{"line":258,"column":1}},"259":{"start":{"line":260,"column":0},"end":{"line":260,"column":27}}},"s":{"0":0,"1":0,"3":0,"4":0,"5":0,"6":0,"7":0,"8":0,"9":0,"11":0,"12":0,"13":0,"14":0,"15":0,"16":0,"17":0,"18":0,"19":0,"20":0,"21":0,"22":0,"23":0,"24":0,"25":0,"27":0,"28":0,"29":0,"30":0,"31":0,"32":0,"33":0,"34":0,"35":0,"36":0,"37":0,"38":0,"39":0,"41":0,"42":0,"44":0,"45":0,"46":0,"47":0,"48":0,"49":0,"50":0,"51":0,"52":0,"53":0,"54":0,"55":0,"56":0,"58":0,"59":0,"61":0,"62":0,"63":0,"64":0,"65":0,"66":0,"67":0,"68":0,"69":0,"70":0,"71":0,"72":0,"73":0,"75":0,"76":0,"78":0,"80":0,"81":0,"82":0,"83":0,"84":0,"85":0,"86":0,"87":0,"88":0,"90":0,"91":0,"93":0,"94":0,"95":0,"96":0,"97":0,"98":0,"99":0,"100":0,"101":0,"102":0,"103":0,"104":0,"107":0,"110":0,"111":0,"113":0,"114":0,"115":0,"117":0,"118":0,"119":0,"120":0,"121":0,"123":0,"124":0,"125":0,"126":0,"127":0,"128":0,"129":0,"130":0,"131":0,"132":0,"133":0,"134":0,"135":0,"136":0,"137":0,"138":0,"139":0,"140":0,"141":0,"142":0,"144":0,"145":0,"146":0,"147":0,"148":0,"150":0,"151":0,"152":0,"153":0,"154":0,"155":0,"156":0,"157":0,"158":0,"159":0,"160":0,"161":0,"162":0,"163":0,"164":0,"165":0,"166":0,"167":0,"168":0,"169":0,"171":0,"172":0,"173":0,"174":0,"175":0,"177":0,"178":0,"179":0,"180":0,"181":0,"182":0,"183":0,"184":0,"185":0,"186":0,"187":0,"188":0,"189":0,"190":0,"191":0,"192":0,"193":0,"194":0,"195":0,"196":0,"198":0,"199":0,"200":0,"201":0,"202":0,"204":0,"205":0,"206":0,"207":0,"208":0,"209":0,"210":0,"211":0,"212":0,"213":0,"214":0,"215":0,"216":0,"217":0,"218":0,"219":0,"220":0,"221":0,"222":0,"223":0,"225":0,"226":0,"227":0,"228":0,"229":0,"231":0,"232":0,"233":0,"234":0,"235":0,"236":0,"237":0,"238":0,"239":0,"240":0,"241":0,"242":0,"243":0,"244":0,"245":0,"247":0,"249":0,"250":0,"251":0,"252":0,"253":0,"254":0,"255":0,"257":0,"259":0},"branchMap":{"0":{"type":"branch","line":1,"loc":{"start":{"line":1,"column":0},"end":{"line":260,"column":-4795}},"locations":[{"start":{"line":1,"column":0},"end":{"line":260,"column":-4795}}]}},"b":{"0":[0]},"fnMap":{"0":{"name":"(empty-report)","decl":{"start":{"line":1,"column":0},"end":{"line":260,"column":-4795}},"loc":{"start":{"line":1,"column":0},"end":{"line":260,"column":-4795}},"line":1}},"f":{"0":0}}
,"/Users/yacinesinapayen/Documents/Dev_Projects/Gender_reveal_game/client_gender_reveal/src/pages/Login.jsx": {"path":"/Users/yacinesinapayen/Documents/Dev_Projects/Gender_reveal_game/client_gender_reveal/src/pages/Login.jsx","all":true,"statementMap":{"0":{"start":{"line":1,"column":0},"end":{"line":1,"column":33}},"1":{"start":{"line":2,"column":0},"end":{"line":2,"column":42}},"2":{"start":{"line":3,"column":0},"end":{"line":3,"column":54}},"3":{"start":{"line":4,"column":0},"end":{"line":4,"column":27}},"4":{"start":{"line":5,"column":0},"end":{"line":5,"column":26}},"5":{"start":{"line":6,"column":0},"end":{"line":6,"column":39}},"6":{"start":{"line":7,"column":0},"end":{"line":7,"column":51}},"7":{"start":{"line":8,"column":0},"end":{"line":8,"column":55}},"8":{"start":{"line":9,"column":0},"end":{"line":9,"column":47}},"9":{"start":{"line":10,"column":0},"end":{"line":10,"column":47}},"10":{"start":{"line":11,"column":0},"end":{"line":11,"column":42}},"11":{"start":{"line":12,"column":0},"end":{"line":12,"column":57}},"12":{"start":{"line":13,"column":0},"end":{"line":13,"column":45}},"14":{"start":{"line":15,"column":0},"end":{"line":15,"column":35}},"15":{"start":{"line":16,"column":0},"end":{"line":16,"column":75}},"16":{"start":{"line":17,"column":0},"end":{"line":17,"column":57}},"17":{"start":{"line":18,"column":0},"end":{"line":18,"column":3}},"19":{"start":{"line":20,"column":0},"end":{"line":20,"column":18}},"20":{"start":{"line":21,"column":0},"end":{"line":21,"column":33}},"21":{"start":{"line":22,"column":0},"end":{"line":22,"column":33}},"23":{"start":{"line":24,"column":0},"end":{"line":24,"column":69}},"24":{"start":{"line":25,"column":0},"end":{"line":25,"column":34}},"25":{"start":{"line":26,"column":0},"end":{"line":26,"column":5}},"27":{"start":{"line":28,"column":0},"end":{"line":28,"column":36}},"28":{"start":{"line":29,"column":0},"end":{"line":29,"column":9}},"29":{"start":{"line":30,"column":0},"end":{"line":30,"column":92}},"30":{"start":{"line":31,"column":0},"end":{"line":31,"column":63}},"31":{"start":{"line":32,"column":0},"end":{"line":32,"column":89}},"32":{"start":{"line":33,"column":0},"end":{"line":33,"column":43}},"33":{"start":{"line":34,"column":0},"end":{"line":34,"column":26}},"34":{"start":{"line":35,"column":0},"end":{"line":35,"column":24}},"35":{"start":{"line":36,"column":0},"end":{"line":36,"column":18}},"36":{"start":{"line":37,"column":0},"end":{"line":37,"column":7}},"37":{"start":{"line":38,"column":0},"end":{"line":38,"column":21}},"38":{"start":{"line":39,"column":0},"end":{"line":39,"column":43}},"39":{"start":{"line":40,"column":0},"end":{"line":40,"column":5}},"40":{"start":{"line":41,"column":0},"end":{"line":41,"column":4}},"42":{"start":{"line":43,"column":0},"end":{"line":43,"column":205}},"43":{"start":{"line":44,"column":0},"end":{"line":44,"column":148}},"45":{"start":{"line":46,"column":0},"end":{"line":46,"column":25}},"46":{"start":{"line":47,"column":0},"end":{"line":47,"column":35}},"47":{"start":{"line":48,"column":0},"end":{"line":48,"column":22}},"48":{"start":{"line":49,"column":0},"end":{"line":49,"column":18}},"49":{"start":{"line":50,"column":0},"end":{"line":50,"column":11}},"50":{"start":{"line":51,"column":0},"end":{"line":51,"column":20}},"51":{"start":{"line":52,"column":0},"end":{"line":52,"column":23}},"52":{"start":{"line":53,"column":0},"end":{"line":53,"column":24}},"53":{"start":{"line":54,"column":0},"end":{"line":54,"column":22}},"54":{"start":{"line":55,"column":0},"end":{"line":55,"column":7}},"55":{"start":{"line":56,"column":0},"end":{"line":56,"column":6}},"56":{"start":{"line":57,"column":0},"end":{"line":57,"column":4}},"58":{"start":{"line":59,"column":0},"end":{"line":59,"column":24}},"59":{"start":{"line":60,"column":0},"end":{"line":60,"column":14}},"60":{"start":{"line":61,"column":0},"end":{"line":61,"column":18}},"61":{"start":{"line":62,"column":0},"end":{"line":62,"column":46}},"62":{"start":{"line":63,"column":0},"end":{"line":63,"column":6}},"63":{"start":{"line":64,"column":0},"end":{"line":64,"column":15}},"64":{"start":{"line":65,"column":0},"end":{"line":65,"column":18}},"65":{"start":{"line":66,"column":0},"end":{"line":66,"column":47}},"66":{"start":{"line":67,"column":0},"end":{"line":67,"column":19}},"67":{"start":{"line":68,"column":0},"end":{"line":68,"column":23}},"68":{"start":{"line":69,"column":0},"end":{"line":69,"column":20}},"69":{"start":{"line":70,"column":0},"end":{"line":70,"column":23}},"70":{"start":{"line":71,"column":0},"end":{"line":71,"column":21}},"71":{"start":{"line":72,"column":0},"end":{"line":72,"column":7}},"72":{"start":{"line":73,"column":0},"end":{"line":73,"column":5}},"73":{"start":{"line":74,"column":0},"end":{"line":74,"column":4}},"75":{"
[...]
:{"start":{"line":62,"column":0},"end":{"line":62,"column":23}},"62":{"start":{"line":63,"column":0},"end":{"line":63,"column":128}},"64":{"start":{"line":65,"column":0},"end":{"line":65,"column":25}},"65":{"start":{"line":66,"column":0},"end":{"line":66,"column":35}},"66":{"start":{"line":67,"column":0},"end":{"line":67,"column":22}},"67":{"start":{"line":68,"column":0},"end":{"line":68,"column":17}},"68":{"start":{"line":69,"column":0},"end":{"line":69,"column":11}},"69":{"start":{"line":70,"column":0},"end":{"line":70,"column":19}},"70":{"start":{"line":71,"column":0},"end":{"line":71,"column":22}},"71":{"start":{"line":72,"column":0},"end":{"line":72,"column":24}},"72":{"start":{"line":73,"column":0},"end":{"line":73,"column":53}},"73":{"start":{"line":74,"column":0},"end":{"line":74,"column":8}},"74":{"start":{"line":75,"column":0},"end":{"line":75,"column":7}},"75":{"start":{"line":76,"column":0},"end":{"line":76,"column":4}},"77":{"start":{"line":78,"column":0},"end":{"line":78,"column":10}},"78":{"start":{"line":79,"column":0},"end":{"line":79,"column":35}},"79":{"start":{"line":80,"column":0},"end":{"line":80,"column":56}},"80":{"start":{"line":81,"column":0},"end":{"line":81,"column":19}},"81":{"start":{"line":82,"column":0},"end":{"line":82,"column":32}},"82":{"start":{"line":83,"column":0},"end":{"line":83,"column":40}},"83":{"start":{"line":84,"column":0},"end":{"line":84,"column":26}},"84":{"start":{"line":85,"column":0},"end":{"line":85,"column":42}},"85":{"start":{"line":86,"column":0},"end":{"line":86,"column":40}},"86":{"start":{"line":87,"column":0},"end":{"line":87,"column":57}},"87":{"start":{"line":88,"column":0},"end":{"line":88,"column":10}},"88":{"start":{"line":89,"column":0},"end":{"line":89,"column":12}},"89":{"start":{"line":90,"column":0},"end":{"line":90,"column":63}},"90":{"start":{"line":91,"column":0},"end":{"line":91,"column":74}},"91":{"start":{"line":92,"column":0},"end":{"line":92,"column":20}},"92":{"start":{"line":93,"column":0},"end":{"line":93,"column":63}},"93":{"start":{"line":94,"column":0},"end":{"line":94,"column":28}},"94":{"start":{"line":95,"column":0},"end":{"line":95,"column":29}},"95":{"start":{"line":96,"column":0},"end":{"line":96,"column":36}},"96":{"start":{"line":97,"column":0},"end":{"line":97,"column":22}},"97":{"start":{"line":98,"column":0},"end":{"line":98,"column":11}},"99":{"start":{"line":100,"column":0},"end":{"line":100,"column":22}},"101":{"start":{"line":102,"column":0},"end":{"line":102,"column":50}},"102":{"start":{"line":103,"column":0},"end":{"line":103,"column":23}},"103":{"start":{"line":104,"column":0},"end":{"line":104,"column":30}},"104":{"start":{"line":105,"column":0},"end":{"line":105,"column":31}},"105":{"start":{"line":106,"column":0},"end":{"line":106,"column":38}},"106":{"start":{"line":107,"column":0},"end":{"line":107,"column":24}},"108":{"start":{"line":109,"column":0},"end":{"line":109,"column":20}},"109":{"start":{"line":110,"column":0},"end":{"line":110,"column":27}},"110":{"start":{"line":111,"column":0},"end":{"line":111,"column":47}},"111":{"start":{"line":112,"column":0},"end":{"line":112,"column":41}},"112":{"start":{"line":113,"column":0},"end":{"line":113,"column":40}},"113":{"start":{"line":114,"column":0},"end":{"line":114,"column":16}},"114":{"start":{"line":115,"column":0},"end":{"line":115,"column":35}},"115":{"start":{"line":116,"column":0},"end":{"line":116,"column":52}},"116":{"start":{"line":117,"column":0},"end":{"line":117,"column":43}},"117":{"start":{"line":118,"column":0},"end":{"line":118,"column":20}},"119":{"start":{"line":120,"column":0},"end":{"line":120,"column":25}},"121":{"start":{"line":122,"column":0},"end":{"line":122,"column":23}},"122":{"start":{"line":123,"column":0},"end":{"line":123,"column":30}},"123":{"start":{"line":124,"column":0},"end":{"line":124,"column":31}},"124":{"start":{"line":125,"column":0},"end":{"line":125,"column":38}},"125":{"start":{"line":126,"column":0},"end":{"line":126,"column":24}},"127":{"start":{"line":128,"column":0},"end":{"line":128,"column":20}},"128":{"start":{"line":129,"column":0},"end":{"line":129,"column":28}},"129":{"start":{"line":130,"column":0},"end":{"line":130,"column":35}},"130":{"start":{"line":131,"column":0},"end":{"line":131,"column":38}},"131":{"start":{"line":132,"column":0},"end":{"line":132,"column":40}},"132":{"start":{"line":133,"column":0},"end":{"line":133,"column":16}},"133":{"start":{"line":134,"column":0},"end":{"line":134,"column":32}},"134":{"start":{"line":135,"column":0},"end":{"line":135,"column":78}},"136":{"start":{"line":137,"column":0},"end":{"line":137,"column":25}},"138":{"start":{"line":139,"column":0},"end":{"line":139,"column":23}},"139":{"start":{"line":140,"column":0},"end":{"line":140,"column":30}},"140":{"start":{"line":141,"column":0},"end":{"line":141,"column":31}},"141":{"start":{"line":142,"column":0},"end":{"line":142,"column":38}},"142":{"start":{"line":143,"column":0},"end":{"line":143,"column":24}},"144":{"start":{"line":145,"column":0},"end":{"line":145,"column":21}},"145":{"start":{"line":146,"column":0},"end":{"line":146,"column":37}},"146":{"start":{"line":147,"column":0},"end":{"line":147,"column":40}},"147":{"start":{"line":148,"column":0},"end":{"line":148,"column":31}},"149":{"start":{"line":150,"column":0},"end":{"line":150,"column":42}},"151":{"start":{"line":152,"column":0},"end":{"line":152,"column":25}},"152":{"start":{"line":153,"column":0},"end":{"line":153,"column":54}},"153":{"start":{"line":154,"column":0},"end":{"line":154,"column":63}},"154":{"start":{"line":155,"column":0},"end":{"line":155,"column":23}},"155":{"start":{"line":156,"column":0},"end":{"line":156,"column":31}},"156":{"start":{"line":157,"column":0},"end":{"line":157,"column":77}},"158":{"start":{"line":159,"column":0},"end":{"line":159,"column":25}},"160":{"start":{"line":161,"column":0},"end":{"line":161,"column":23}},"161":{"start":{"line":162,"column":0},"end":{"line":162,"column":30}},"162":{"start":{"line":163,"column":0},"end":{"line":163,"column":31}},"163":{"start":{"line":164,"column":0},"end":{"line":164,"column":38}},"164":{"start":{"line":165,"column":0},"end":{"line":165,"column":24}},"166":{"start":{"line":167,"column":0},"end":{"line":167,"column":20}},"167":{"start":{"line":168,"column":0},"end":{"line":168,"column":57}},"168":{"start":{"line":169,"column":0},"end":{"line":169,"column":42}},"169":{"start":{"line":170,"column":0},"end":{"line":170,"column":41}},"170":{"start":{"line":171,"column":0},"end":{"line":171,"column":40}},"171":{"start":{"line":172,"column":0},"end":{"line":172,"column":16}},"172":{"start":{"line":173,"column":0},"end":{"line":173,"column":35}},"173":{"start":{"line":174,"column":0},"end":{"line":174,"column":52}},"174":{"start":{"line":175,"column":0},"end":{"line":175,"column":43}},"175":{"start":{"line":176,"column":0},"end":{"line":176,"column":20}},"177":{"start":{"line":178,"column":0},"end":{"line":178,"column":25}},"179":{"start":{"line":180,"column":0},"end":{"line":180,"column":23}},"180":{"start":{"line":181,"column":0},"end":{"line":181,"column":30}},"181":{"start":{"line":182,"column":0},"end":{"line":182,"column":31}},"182":{"start":{"line":183,"column":0},"end":{"line":183,"column":38}},"183":{"start":{"line":184,"column":0},"end":{"line":184,"column":24}},"185":{"start":{"line":186,"column":0},"end":{"line":186,"column":20}},"186":{"start":{"line":187,"column":0},"end":{"line":187,"column":57}},"187":{"start":{"line":188,"column":0},"end":{"line":188,"column":55}},"188":{"start":{"line":189,"column":0},"end":{"line":189,"column":48}},"189":{"start":{"line":190,"column":0},"end":{"line":190,"column":40}},"190":{"start":{"line":191,"column":0},"end":{"line":191,"column":16}},"191":{"start":{"line":192,"column":0},"end":{"line":192,"column":42}},"192":{"start":{"line":193,"column":0},"end":{"line":193,"column":52}},"193":{"start":{"line":194,"column":0},"end":{"line":194,"column":50}},"194":{"start":{"line":195,"column":0},"end":{"line":195,"column":20}},"196":{"start":{"line":197,"column":0},"end":{"line":197,"column":25}},"198":{"start":{"line":199,"column":0},"end":{"line":199,"column":23}},"199":{"start":{"line":200,"column":0},"end":{"line":200,"column":30}},"200":{"start":{"line":201,"column":0},"end":{"line":201,"column":31}},"201":{"start":{"line":202,"column":0},"end":{"line":202,"column":38}},"202":{"start":{"line":203,"column":0},"end":{"line":203,"column":24}},"204":{"start":{"line":205,"column":0},"end":{"line":205,"column":56}},"205":{"start":{"line":206,"column":0},"end":{"line":206,"column":22}},"206":{"start":{"line":207,"column":0},"end":{"line":207,"column":33}},"207":{"start":{"line":208,"column":0},"end":{"line":208,"column":40}},"208":{"start":{"line":209,"column":0},"end":{"line":209,"column":83}},"209":{"start":{"line":210,"column":0},"end":{"line":210,"column":34}},"210":{"start":{"line":211,"column":0},"end":{"line":211,"column":18}},"212":{"start":{"line":213,"column":0},"end":{"line":213,"column":22}},"213":{"start":{"line":214,"column":0},"end":{"line":214,"column":25}},"215":{"start":{"line":216,"column":0},"end":{"line":216,"column":23}},"216":{"start":{"line":217,"column":0},"end":{"line":217,"column":30}},"217":{"start":{"line":218,"column":0},"end":{"line":218,"column":31}},"218":{"start":{"line":219,"column":0},"end":{"line":219,"column":38}},"219":{"start":{"line":220,"column":0},"end":{"line":220,"column":24}},"221":{"start":{"line":222,"column":0},"end":{"line":222,"column":62}},"223":{"start":{"line":224,"column":0},"end":{"line":224,"column":23}},"224":{"start":{"line":225,"column":0},"end":{"line":225,"column":25}},"225":{"start":{"line":226,"column":0},"end":{"line":226,"column":17}},"227":{"start":{"line":228,"column":0},"end":{"line":228,"column":56}},"228":{"start":{"line":229,"column":0},"end":{"line":229,"column":43}},"229":{"start":{"line":230,"column":0},"end":{"line":230,"column":14}},"230":{"start":{"line":231,"column":0},"end":{"line":231,"column":22}},"231":{"start":{"line":232,"column":0},"end":{"line":232,"column":70}},"232":{"start":{"line":233,"column":0},"end":{"line":233,"column":13}},"234":{"start":{"line":235,"column":0},"end":{"line":235,"column":16}},"235":{"start":{"line":236,"column":0},"end":{"line":236,"column":14}},"236":{"start":{"line":237,"column":0},"end":{"line":237,"column":14}},"237":{"start":{"line":238,"column":0},"end":{"line":238,"column":26}},"238":{"start":{"line":239,"column":0},"end":{"line":239,"column":12}},"239":{"start":{"line":240,"column":0},"end":{"line":240,"column":10}},"241":{"start":{"line":242,"column":0},"end":{"line":242,"column":1}},"243":{"start":{"line":244,"column":0},"end":{"line":244,"column":24}}},"s":{"0":1,"1":1,"2":1,"3":1,"4":1,"5":1,"6":1,"7":1,"8":1,"10":1,"11":1,"12":1,"13":1,"14":1,"15":1,"16":1,"17":1,"18":1,"19":1,"20":1,"21":1,"22":1,"23":1,"24":1,"25":1,"26":1,"27":1,"28":1,"30":19,"31":19,"33":19,"34":19,"35":19,"36":19,"37":19,"38":19,"39":19,"40":19,"42":19,"43":3,"44":3,"45":3,"46":3,"47":3,"48":2,"49":2,"50":2,"51":1,"52":2,"53":2,"54":3,"55":1,"56":1,"57":3,"59":19,"60":19,"61":19,"62":19,"64":19,"65":19,"66":19,"67":296,"68":296,"69":296,"70":296,"71":296,"72":296,"73":296,"74":296,"75":19,"77":19,"78":19,"79":19,"80":19,"81":19,"82":19,"83":19,"84":19,"85":19,"86":19,"87":19,"88":19,"89":19,"90":19,"91":19,"92":19,"93":19,"94":19,"95":19,"96":19,"97":19,"99":19,"101":19,"102":19,"103":19,"104":19,"105":19,"106":19,"108":19,"109":19,"110":19,"111":19,"112":19,"113":19,"114":19,"115":3,"116":3,"117":3,"119":19,"121":19,"122":19,"123":19,"124":19,"125":19,"127":19,"128":19,"129":19,"130":19,"131":19,"132":19,"133":19,"134":3,"136":19,"138":19,"139":19,"140":19,"141":19,"142":19,"144":19,"145":19,"146":19,"147":19,"149":19,"151":19,"152":19,"153":19,"154":19,"155":19,"156":3,"158":19,"160":19,"161":19,"162":19,"163":19,"164":19,"166":19,"167":19,"168":19,"169":19,"170":19,"171":19,"172":19,"173":2,"174":2,"175":2,"177":19,"179":19,"180":19,"181":19,"182":19,"183":19,"185":19,"186":19,"187":19,"188":19,"189":19,"190":19,"191":19,"192":3,"193":3,"194":3,"196":19,"198":19,"199":19,"200":19,"201":19,"202":19,"204":19,"205":19,"206":19,"207":19,"208":19,"209":19,"210":19,"212":19,"213":19,"215":19,"216":19,"217":19,"218":19,"219":19,"221":19,"223":19,"224":19,"225":19,"227":19,"228":19,"229":19,"230":19,"231":19,"232":19,"234":19,"235":19,"236":19,"237":19,"238":19,"239":19,"241":19,"243":1},"branchMap":{"0":{"type":"branch","line":31,"loc":{"start":{"line":31,"column":0},"end":{"line":242,"column":1}},"locations":[{"start":{"line":31,"column":0},"end":{"line":242,"column":1}}]},"1":{"type":"branch","line":115,"loc":{"start":{"line":115,"column":22},"end":{"line":118,"column":20}},"locations":[{"start":{"line":115,"column":22},"end":{"line":118,"column":20}}]},"2":{"type":"branch","line":134,"loc":{"start":{"line":134,"column":22},"end":{"line":135,"column":78}},"locations":[{"start":{"line":134,"column":22},"end":{"line":135,"column":78}}]},"3":{"type":"branch","line":156,"loc":{"start":{"line":156,"column":22},"end":{"line":157,"column":77}},"locations":[{"start":{"line":156,"column":22},"end":{"line":157,"column":77}}]},"4":{"type":"branch","line":168,"loc":{"start":{"line":168,"column":22},"end":{"line":168,"column":46}},"locations":[{"start":{"line":168,"column":22},"end":{"line":168,"column":46}}]},"5":{"type":"branch","line":168,"loc":{"start":{"line":168,"column":37},"end":{"line":168,"column":57}},"locations":[{"start":{"line":168,"column":37},"end":{"line":168,"column":57}}]},"6":{"type":"branch","line":173,"loc":{"start":{"line":173,"column":22},"end":{"line":176,"column":20}},"locations":[{"start":{"line":173,"column":22},"end":{"line":176,"column":20}}]},"7":{"type":"branch","line":187,"loc":{"start":{"line":187,"column":22},"end":{"line":187,"column":46}},"locations":[{"start":{"line":187,"column":22},"end":{"line":187,"column":46}}]},"8":{"type":"branch","line":187,"loc":{"start":{"line":187,"column":37},"end":{"line":187,"column":57}},"locations":[{"start":{"line":187,"column":37},"end":{"line":187,"column":57}}]},"9":{"type":"branch","line":192,"loc":{"start":{"line":192,"column":22},"end":{"line":195,"column":20}},"locations":[{"start":{"line":192,"column":22},"end":{"line":195,"column":20}}]},"10":{"type":"branch","line":43,"loc":{"start":{"line":43,"column":19},"end":{"line":58,"column":4}},"locations":[{"start":{"line":43,"column":19},"end":{"line":58,"column":4}}]},"11":{"type":"branch","line":48,"loc":{"start":{"line":48,"column":6},"end":{"line":54,"column":7}},"locations":[{"start":{"line":48,"column":6},"end":{"line":54,"column":7}}]},"12":{"type":"branch","line":55,"loc":{"start":{"line":55,"column":4},"end":{"line":57,"column":5}},"locations":[{"start":{"line":55,"column":4},"end":{"line":57,"column":5}}]},"13":{"type":"branch","line":51,"loc":{"start":{"line":51,"column":19},"end":{"line":53,"column":11}},"locations":[{"start":{"line":51,"column":19},"end":{"line":53,"column":11}}]},"14":{"type":"branch","line":67,"loc":{"start":{"line":67,"column":13},"end":{"line":75,"column":7}},"locations":[{"start":{"line":67,"column":13},"end":{"line":75,"column":7}}]},"15":{"type":"branch","line":209,"loc":{"start":{"line":209,"column":28},"end":{"line":209,"column":83}},"locations":[{"start":{"line":209,"column":28},"end":{"line":209,"column":83}}]}},"b":{"0":[19],"1":[3],"2":[3],"3":[3],"4":[1],"5":[18],"6":[2],"7":[1],"8":[18],"9":[3],"10":[3],"11":[2],"12":[1],"13":[1],"14":[296],"15":[1]},"fnMap":{"0":{"name":"Register","decl":{"start":{"line":31,"column":0},"end":{"line":242,"column":1}},"loc":{"start":{"line":31,"column":0},"end":{"line":242,"column":1}},"line":31},"1":{"name":"onSubmit","decl":{"start":{"line":43,"column":19},"end":{"line":58,"column":4}},"loc":{"start":{"line":43,"column":19},"end":{"line":58,"column":4}},"line":43},"2":{"name":"visible","decl":{"start":{"line":67,"column":13},"end":{"line":75,"column":7}},"loc":{"start":{"line":67,"column":13},"end":{"line":75,"column":7}},"line":67},"3":{"name":"onChange","decl":{"start":{"line":209,"column":28},"end":{"line":209,"column":83}},"loc":{"start":{"line":209,"column":28},"end":{"line":209,"column":83}},"line":209}},"f":{"0":19,"1":3,"2":296,"3":1}}
,"/Users/yacinesinapayen/Documents/Dev_Projects/Gender_reveal_game/client_gender_reveal/src/store/index.js": {"path":"/Users/yacinesinapayen/Documents/Dev_Projects/Gender_reveal_game/client_gender_reveal/src/store/index.js","all":true,"statementMap":{"0":{"start":{"line":1,"column":0},"end":{"line":1,"column":50}},"3":{"start":{"line":4,"column":0},"end":{"line":4,"column":37}},"4":{"start":{"line":5,"column":0},"end":{"line":5,"column":12}},"5":{"start":{"line":6,"column":0},"end":{"line":6,"column":22}},"6":{"start":{"line":7,"column":0},"end":{"line":7,"column":4}},"7":{"start":{"line":8,"column":0},"end":{"line":8,"column":3}}},"s":{"0":0,"3":0,"4":0,"5":0,"6":0,"7":0},"branchMap":{"0":{"type":"branch","line":1,"loc":{"start":{"line":1,"column":180},"end":{"line":8,"column":3}},"locations":[{"start":{"line":1,"column":180},"end":{"line":8,"column":3}}]}},"b":{"0":[0]},"fnMap":{"0":{"name":"(empty-report)","decl":{"start":{"line":1,"column":180},"end":{"line":8,"column":3}},"loc":{"start":{"line":1,"column":180},"end":{"line":8,"column":3}},"line":1}},"f":{"0":0}}
,"/Users/yacinesinapayen/Documents/Dev_Projects/Gender_reveal_game/client_gender_reveal/src/store/slices/authSlice.js": {"path":"/Users/yacinesinapayen/Documents/Dev_Projects/Gender_reveal_game/client_gender_reveal/src/store/slices/authSlice.js","all":true,"statementMap":{"0":{"start":{"line":1,"column":0},"end":{"line":1,"column":47}},"2":{"start":{"line":3,"column":0},"end":{"line":3,"column":22}},"3":{"start":{"line":4,"column":0},"end":{"line":4,"column":15}},"4":{"start":{"line":5,"column":0},"end":{"line":5,"column":16}},"5":{"start":{"line":6,"column":0},"end":{"line":6,"column":27}},"6":{"start":{"line":7,"column":0},"end":{"line":7,"column":21}},"7":{"start":{"line":8,"column":0},"end":{"line":8,"column":16}},"8":{"start":{"line":9,"column":0},"end":{"line":9,"column":2}},"10":{"start":{"line":11,"column":0},"end":{"line":11,"column":31}},"11":{"start":{"line":12,"column":0},"end":{"line":12,"column":17}},"12":{"start":{"line":13,"column":0},"end":{"line":13,"column":17}},"13":{"start":{"line":14,"column":0},"end":{"line":14,"column":15}},"14":{"start":{"line":15,"column":0},"end":{"line":15,"column":42}},"15":{"start":{"line":16,"column":0},"end":{"line":16,"column":45}},"16":{"start":{"line":17,"column":0},"end":{"line":17,"column":47}},"17":{"start":{"line":18,"column":0},"end":{"line":18,"column":41}},"18":{"start":{"line":19,"column":0},"end":{"line":19,"column":10}},"19":{"start":{"line":20,"column":0},"end":{"line":20,"column":28}},"20":{"start":{"line":21,"column":0},"end":{"line":21,"column":30}},"21":{"start":{"line":22,"column":0},"end":{"line":22,"column":31}},"22":{"start":{"line":23,"column":0},"end":{"line":23,"column":42}},"23":{"start":{"line":24,"column":0},"end":{"line":24,"column":10}},"24":{"start":{"line":25,"column":0},"end":{"line":25,"column":6}},"25":{"start":{"line":26,"column":0},"end":{"line":26,"column":3}},"27":{"start":{"line":28,"column":0},"end":{"line":28,"column":58}},"28":{"start":{"line":29,"column":0},"end":{"line":29,"column":33}}},"s":{"0":0,"2":0,"3":0,"4":0,"5":0,"6":0,"7":0,"8":0,"10":0,"11":0,"12":0,"13":0,"14":0,"15":0,"16":0,"17":0,"18":0,"19":0,"20":0,"21":0,"22":0,"23":0,"24":0,"25":0,"27":0,"28":0},"branchMap":{"0":{"type":"branch","line":1,"loc":{"start":{"line":1,"column":0},"end":{"line":29,"column":-47}},"locations":[{"start":{"line":1,"column":0},"end":{"line":29,"column":-47}}]}},"b":{"0":[0]},"fnMap":{"0":{"name":"(empty-report)","decl":{"start":{"line":1,"column":0},"end":{"line":29,"column":-47}},"loc":{"start":{"line":1,"column":0},"end":{"line":29,"column":-47}},"line":1}},"f":{"0":0}}
}
